This is pdfTeX, Version 3.14159265-2.6-1.40.18 (TeX Live 2017) (preloaded format=pdflatex 2017.7.22)  8 DEC 2017 11:31
entering extended mode
 restricted \write18 enabled.
 file:line:error style messages enabled.
 %&-line parsing enabled.
**MainDoc.tex
(./MainDoc.tex
LaTeX2e <2017-04-15>
Babel <3.10> and hyphenation patterns for 84 language(s) loaded.
(/usr/local/texlive/2017/texmf-dist/tex/latex/base/article.cls
Document Class: article 2014/09/29 v1.4h Standard LaTeX document class
(/usr/local/texlive/2017/texmf-dist/tex/latex/base/size12.clo
File: size12.clo 2014/09/29 v1.4h Standard LaTeX file (size option)
)
\c@part=\count79
\c@section=\count80
\c@subsection=\count81
\c@subsubsection=\count82
\c@paragraph=\count83
\c@subparagraph=\count84
\c@figure=\count85
\c@table=\count86
\abovecaptionskip=\skip41
\belowcaptionskip=\skip42
\bibindent=\dimen102
)
(/usr/local/texlive/2017/texmf-dist/tex/latex/geometry/geometry.sty
Package: geometry 2010/09/12 v5.6 Page Geometry

(/usr/local/texlive/2017/texmf-dist/tex/latex/graphics/keyval.sty
Package: keyval 2014/10/28 v1.15 key=value parser (DPC)
\KV@toks@=\toks14
)
(/usr/local/texlive/2017/texmf-dist/tex/generic/oberdiek/ifpdf.sty
Package: ifpdf 2017/03/15 v3.2 Provides the ifpdf switch
)
(/usr/local/texlive/2017/texmf-dist/tex/generic/oberdiek/ifvtex.sty
Package: ifvtex 2016/05/16 v1.6 Detect VTeX and its facilities (HO)
Package ifvtex Info: VTeX not detected.
)
(/usr/local/texlive/2017/texmf-dist/tex/generic/ifxetex/ifxetex.sty
Package: ifxetex 2010/09/12 v0.6 Provides ifxetex conditional
)
\Gm@cnth=\count87
\Gm@cntv=\count88
\c@Gm@tempcnt=\count89
\Gm@bindingoffset=\dimen103
\Gm@wd@mp=\dimen104
\Gm@odd@mp=\dimen105
\Gm@even@mp=\dimen106
\Gm@layoutwidth=\dimen107
\Gm@layoutheight=\dimen108
\Gm@layouthoffset=\dimen109
\Gm@layoutvoffset=\dimen110
\Gm@dimlist=\toks15
)
(/usr/local/texlive/2017/texmf-dist/tex/latex/graphics/graphicx.sty
Package: graphicx 2014/10/28 v1.0g Enhanced LaTeX Graphics (DPC,SPQR)

(/usr/local/texlive/2017/texmf-dist/tex/latex/graphics/graphics.sty
Package: graphics 2017/04/14 v1.1b Standard LaTeX Graphics (DPC,SPQR)

(/usr/local/texlive/2017/texmf-dist/tex/latex/graphics/trig.sty
Package: trig 2016/01/03 v1.10 sin cos tan (DPC)
)
(/usr/local/texlive/2017/texmf-dist/tex/latex/graphics-cfg/graphics.cfg
File: graphics.cfg 2016/06/04 v1.11 sample graphics configuration
)
Package graphics Info: Driver file: pdftex.def on input line 99.

(/usr/local/texlive/2017/texmf-dist/tex/latex/graphics-def/pdftex.def
File: pdftex.def 2017/01/12 v0.06k Graphics/color for pdfTeX

(/usr/local/texlive/2017/texmf-dist/tex/generic/oberdiek/infwarerr.sty
Package: infwarerr 2016/05/16 v1.4 Providing info/warning/error messages (HO)
)
(/usr/local/texlive/2017/texmf-dist/tex/generic/oberdiek/ltxcmds.sty
Package: ltxcmds 2016/05/16 v1.23 LaTeX kernel commands for general use (HO)
)
\Gread@gobject=\count90
))
\Gin@req@height=\dimen111
\Gin@req@width=\dimen112
)
(/usr/local/texlive/2017/texmf-dist/tex/latex/wrapfig/wrapfig.sty
\wrapoverhang=\dimen113
\WF@size=\dimen114
\c@WF@wrappedlines=\count91
\WF@box=\box26
\WF@everypar=\toks16
Package: wrapfig 2003/01/31  v 3.6
)
(./MainDoc.aux)
\openout1 = `MainDoc.aux'.

LaTeX Font Info:    Checking defaults for OML/cmm/m/it on input line 7.
LaTeX Font Info:    ... okay on input line 7.
LaTeX Font Info:    Checking defaults for T1/cmr/m/n on input line 7.
LaTeX Font Info:    ... okay on input line 7.
LaTeX Font Info:    Checking defaults for OT1/cmr/m/n on input line 7.
LaTeX Font Info:    ... okay on input line 7.
LaTeX Font Info:    Checking defaults for OMS/cmsy/m/n on input line 7.
LaTeX Font Info:    ... okay on input line 7.
LaTeX Font Info:    Checking defaults for OMX/cmex/m/n on input line 7.
LaTeX Font Info:    ... okay on input line 7.
LaTeX Font Info:    Checking defaults for U/cmr/m/n on input line 7.
LaTeX Font Info:    ... okay on input line 7.

*geometry* driver: auto-detecting
*geometry* detected driver: pdftex
*geometry* verbose mode - [ preamble ] result:
* driver: pdftex
* paper: letterpaper
* layout: <same size as paper>
* layoutoffset:(h,v)=(0.0pt,0.0pt)
* modes: 
* h-part:(L,W,R)=(92.14519pt, 430.00462pt, 92.14519pt)
* v-part:(T,H,B)=(95.39737pt, 556.47656pt, 143.09605pt)
* \paperwidth=614.295pt
* \paperheight=794.96999pt
* \textwidth=430.00462pt
* \textheight=556.47656pt
* \oddsidemargin=19.8752pt
* \evensidemargin=19.8752pt
* \topmargin=-13.87262pt
* \headheight=12.0pt
* \headsep=25.0pt
* \topskip=12.0pt
* \footskip=30.0pt
* \marginparwidth=44.0pt
* \marginparsep=10.0pt
* \columnsep=10.0pt
* \skip\footins=10.8pt plus 4.0pt minus 2.0pt
* \hoffset=0.0pt
* \voffset=0.0pt
* \mag=1000
* \@twocolumnfalse
* \@twosidefalse
* \@mparswitchfalse
* \@reversemarginfalse
* (1in=72.27pt=25.4mm, 1cm=28.453pt)

(/usr/local/texlive/2017/texmf-dist/tex/context/base/mkii/supp-pdf.mkii
[Loading MPS to PDF converter (version 2006.09.02).]
\scratchcounter=\count92
\scratchdimen=\dimen115
\scratchbox=\box27
\nofMPsegments=\count93
\nofMParguments=\count94
\everyMPshowfont=\toks17
\MPscratchCnt=\count95
\MPscratchDim=\dimen116
\MPnumerator=\count96
\makeMPintoPDFobject=\count97
\everyMPtoPDFconversion=\toks18
) (/usr/local/texlive/2017/texmf-dist/tex/generic/oberdiek/pdftexcmds.sty
Package: pdftexcmds 2017/03/19 v0.25 Utility functions of pdfTeX for LuaTeX (HO
)

(/usr/local/texlive/2017/texmf-dist/tex/generic/oberdiek/ifluatex.sty
Package: ifluatex 2016/05/16 v1.4 Provides the ifluatex switch (HO)
Package ifluatex Info: LuaTeX not detected.
)
Package pdftexcmds Info: LuaTeX not detected.
Package pdftexcmds Info: \pdf@primitive is available.
Package pdftexcmds Info: \pdf@ifprimitive is available.
Package pdftexcmds Info: \pdfdraftmode found.
)
(/usr/local/texlive/2017/texmf-dist/tex/latex/oberdiek/epstopdf-base.sty
Package: epstopdf-base 2016/05/15 v2.6 Base part for package epstopdf

(/usr/local/texlive/2017/texmf-dist/tex/latex/oberdiek/grfext.sty
Package: grfext 2016/05/16 v1.2 Manage graphics extensions (HO)

(/usr/local/texlive/2017/texmf-dist/tex/generic/oberdiek/kvdefinekeys.sty
Package: kvdefinekeys 2016/05/16 v1.4 Define keys (HO)
))
(/usr/local/texlive/2017/texmf-dist/tex/latex/oberdiek/kvoptions.sty
Package: kvoptions 2016/05/16 v3.12 Key value format for package options (HO)

(/usr/local/texlive/2017/texmf-dist/tex/generic/oberdiek/kvsetkeys.sty
Package: kvsetkeys 2016/05/16 v1.17 Key value parser (HO)

(/usr/local/texlive/2017/texmf-dist/tex/generic/oberdiek/etexcmds.sty
Package: etexcmds 2016/05/16 v1.6 Avoid name clashes with e-TeX commands (HO)
Package etexcmds Info: Could not find \expanded.
(etexcmds)             That can mean that you are not using pdfTeX 1.50 or
(etexcmds)             that some package has redefined \expanded.
(etexcmds)             In the latter case, load this package earlier.
)))
Package epstopdf-base Info: Redefining graphics rule for `.eps' on input line 4
38.
Package grfext Info: Graphics extension search list:
(grfext)             [.png,.pdf,.jpg,.mps,.jpeg,.jbig2,.jb2,.PNG,.PDF,.JPG,.JPE
G,.JBIG2,.JB2,.eps]
(grfext)             \AppendGraphicsExtensions on input line 456.

(/usr/local/texlive/2017/texmf-dist/tex/latex/latexconfig/epstopdf-sys.cfg
File: epstopdf-sys.cfg 2010/07/13 v1.3 Configuration of (r)epstopdf for TeX Liv
e
))
LaTeX Font Info:    External font `cmex10' loaded for size
(Font)              <14.4> on input line 10.
LaTeX Font Info:    External font `cmex10' loaded for size
(Font)              <7> on input line 10.
LaTeX Font Info:    External font `cmex10' loaded for size
(Font)              <12> on input line 11.
LaTeX Font Info:    External font `cmex10' loaded for size
(Font)              <8> on input line 11.
LaTeX Font Info:    External font `cmex10' loaded for size
(Font)              <6> on input line 11.

[1

{/usr/local/texlive/2017/texmf-var/fonts/map/pdftex/updmap/pdftex.map}]
Underfull \hbox (badness 10000) in paragraph at lines 16--19

 []

[2

] [3

]
Underfull \hbox (badness 10000) in paragraph at lines 45--50

 []


Underfull \hbox (badness 10000) in paragraph at lines 45--50

 []


Underfull \hbox (badness 10000) in paragraph at lines 52--60

 []


Underfull \hbox (badness 10000) in paragraph at lines 52--60

 []


</Users/benjaminbolling/Dokument/FYSB06/GUI_manual/Screens/0_1_startup.png, id=
20, 106.3975pt x 30.1125pt>
File: /Users/benjaminbolling/Dokument/FYSB06/GUI_manual/Screens/0_1_startup.png
 Graphic file (type png)

<use /Users/benjaminbolling/Dokument/FYSB06/GUI_manual/Screens/0_1_startup.png>
Package pdftex.def Info: /Users/benjaminbolling/Dokument/FYSB06/GUI_manual/Scre
ens/0_1_startup.png used on input line 67.
(pdftex.def)             Requested size: 85.9996pt x 24.34088pt.
[4

 </Users/benjaminbolling/Dokument/FYSB06/GUI_manual/Screens/0_1_startup.png>]
</Users/benjaminbolling/Dokument/FYSB06/GUI_manual/Screens/1_1_startup.png, id=
26, 410.53375pt x 936.49875pt>
File: /Users/benjaminbolling/Dokument/FYSB06/GUI_manual/Screens/1_1_startup.png
 Graphic file (type png)

<use /Users/benjaminbolling/Dokument/FYSB06/GUI_manual/Screens/1_1_startup.png>
Package pdftex.def Info: /Users/benjaminbolling/Dokument/FYSB06/GUI_manual/Scre
ens/1_1_startup.png used on input line 75.
(pdftex.def)             Requested size: 129.00269pt x 294.26988pt.

Underfull \hbox (badness 5189) in paragraph at lines 76--76
[]\OT1/cmr/m/n/12 Figure 2: The start
 []


Underfull \hbox (badness 4291) in paragraph at lines 76--76
\OT1/cmr/m/n/12 screen when launch-ing
 []


Underfull \hbox (badness 10000) in paragraph at lines 78--93

 []


Underfull \hbox (badness 3199) in paragraph at lines 78--93
\OT1/cmr/m/n/12 since this is where files are loaded (resp. un-
 []


Underfull \hbox (badness 10000) in paragraph at lines 78--93

 []


Underfull \hbox (badness 2126) in paragraph at lines 78--93
\OT1/cmr/m/n/12 where raw data files com-ing di-rectly from ex-per-i-
 []


Underfull \hbox (badness 10000) in paragraph at lines 78--93

 []


Underfull \hbox (badness 2626) in paragraph at lines 78--93
\OT1/cmr/m/n/12 The third tab is a fil-ter tab in which data fil-
 []


Underfull \hbox (badness 10000) in paragraph at lines 78--93

 []


Underfull \hbox (badness 10000) in paragraph at lines 78--93

 []


Underfull \hbox (badness 10000) in paragraph at lines 78--93

 []


Underfull \hbox (badness 10000) in paragraph at lines 78--93

 []

[5

 </Users/benjaminbolling/Dokument/FYSB06/GUI_manual/Screens/1_1_startup.png>]
</Users/benjaminbolling/Dokument/FYSB06/GUI_manual/Screens/1_2_choosefolder.png
, id=31, 718.685pt x 416.55624pt>
File: /Users/benjaminbolling/Dokument/FYSB06/GUI_manual/Screens/1_2_choosefolde
r.png Graphic file (type png)

<use /Users/benjaminbolling/Dokument/FYSB06/GUI_manual/Screens/1_2_choosefolder
.png>
Package pdftex.def Info: /Users/benjaminbolling/Dokument/FYSB06/GUI_manual/Scre
ens/1_2_choosefolder.png used on input line 98.
(pdftex.def)             Requested size: 171.99922pt x 99.68951pt.

</Users/benjaminbolling/Dokument/FYSB06/GUI_manual/Screens/1_3_choosefile.png, 
id=32, 413.545pt x 938.50626pt>
File: /Users/benjaminbolling/Dokument/FYSB06/GUI_manual/Screens/1_3_choosefile.
png Graphic file (type png)

<use /Users/benjaminbolling/Dokument/FYSB06/GUI_manual/Screens/1_3_choosefile.p
ng>
Package pdftex.def Info: /Users/benjaminbolling/Dokument/FYSB06/GUI_manual/Scre
ens/1_3_choosefile.png used on input line 104.
(pdftex.def)             Requested size: 129.00269pt x 292.76695pt.

Underfull \hbox (badness 10000) in paragraph at lines 101--106

 []

LaTeX Font Info:    Try loading font information for OMS+cmr on input line 110.

(/usr/local/texlive/2017/texmf-dist/tex/latex/base/omscmr.fd
File: omscmr.fd 2014/09/29 v2.5h Standard LaTeX font definitions
)
LaTeX Font Info:    Font shape `OMS/cmr/m/n' in size <12> not available
(Font)              Font shape `OMS/cmsy/m/n' tried instead on input line 110.
 [6

 </Users/benjaminbolling/Dokument/FYSB06/GUI_manual/Screens/1_2_choosefolder.pn
g> </Users/benjaminbolling/Dokument/FYSB06/GUI_manual/Screens/1_3_choosefile.pn
g>]
</Users/benjaminbolling/Dokument/FYSB06/GUI_manual/Screens/1_4_loadfile_specset
.png, id=38, 316.18124pt x 234.8775pt>
File: /Users/benjaminbolling/Dokument/FYSB06/GUI_manual/Screens/1_4_loadfile_sp
ecset.png Graphic file (type png)

<use /Users/benjaminbolling/Dokument/FYSB06/GUI_manual/Screens/1_4_loadfile_spe
cset.png>
Package pdftex.def Info: /Users/benjaminbolling/Dokument/FYSB06/GUI_manual/Scre
ens/1_4_loadfile_specset.png used on input line 117.
(pdftex.def)             Requested size: 171.99922pt x 127.77095pt.

</Users/benjaminbolling/Dokument/FYSB06/GUI_manual/Screens/1_5_filesloaded.png,
 id=39, 412.54124pt x 940.51375pt>
File: /Users/benjaminbolling/Dokument/FYSB06/GUI_manual/Screens/1_5_filesloaded
.png Graphic file (type png)

<use /Users/benjaminbolling/Dokument/FYSB06/GUI_manual/Screens/1_5_filesloaded.
png>
Package pdftex.def Info: /Users/benjaminbolling/Dokument/FYSB06/GUI_manual/Scre
ens/1_5_filesloaded.png used on input line 122.
(pdftex.def)             Requested size: 129.00269pt x 294.09639pt.

Underfull \hbox (badness 4713) in paragraph at lines 125--133
[][]\OT1/cmr/m/n/12 There are cur-rently three avail-able spec-trom-e-
 []


Underfull \hbox (badness 10000) in paragraph at lines 125--133

 []


Underfull \hbox (badness 1509) in paragraph at lines 125--133
\OT1/cmr/m/n/12 be-ing loaded into mem-ory, they will be vis-i-ble in
 []


Underfull \hbox (badness 1496) in paragraph at lines 125--133
\OT1/cmr/m/n/12 ma-tion will be shown in the file in-for-ma-tion win-
 []


Underfull \hbox (badness 1803) in paragraph at lines 125--133
\OT1/cmr/m/n/12 dow, which ex-ists if it has been prop-erly de-fined
 []


Underfull \hbox (badness 1496) in paragraph at lines 125--133
\OT1/cmr/m/n/12 ma-tion will be shown in the file in-for-ma-tion win-
 []


Underfull \hbox (badness 10000) in paragraph at lines 125--133

 []


Underfull \hbox (badness 10000) in paragraph at lines 125--133

 []

[7

 </Users/benjaminbolling/Dokument/FYSB06/GUI_manual/Screens/1_4_loadfile_specse
t.png> </Users/benjaminbolling/Dokument/FYSB06/GUI_manual/Screens/1_5_filesload
ed.png>]
Missing character: There is no   in font cmr12!
 [8

]
</Users/benjaminbolling/Dokument/FYSB06/GUI_manual/Screens/3_1_filter_sel.png, 
id=49, 413.545pt x 938.50626pt>
File: /Users/benjaminbolling/Dokument/FYSB06/GUI_manual/Screens/3_1_filter_sel.
png Graphic file (type png)

<use /Users/benjaminbolling/Dokument/FYSB06/GUI_manual/Screens/3_1_filter_sel.p
ng>
Package pdftex.def Info: /Users/benjaminbolling/Dokument/FYSB06/GUI_manual/Scre
ens/3_1_filter_sel.png used on input line 142.
(pdftex.def)             Requested size: 129.00269pt x 292.76695pt.

</Users/benjaminbolling/Dokument/FYSB06/GUI_manual/Screens/3_2_filter_cond_edit
.png, id=50, 191.71625pt x 129.48375pt>
File: /Users/benjaminbolling/Dokument/FYSB06/GUI_manual/Screens/3_2_filter_cond
_edit.png Graphic file (type png)

<use /Users/benjaminbolling/Dokument/FYSB06/GUI_manual/Screens/3_2_filter_cond_
edit.png>
Package pdftex.def Info: /Users/benjaminbolling/Dokument/FYSB06/GUI_manual/Scre
ens/3_2_filter_cond_edit.png used on input line 154.
(pdftex.def)             Requested size: 129.00269pt x 87.133pt.

Underfull \hbox (badness 10000) in paragraph at lines 145--157

 []


Underfull \hbox (badness 1546) in paragraph at lines 145--157
\OT1/cmr/m/n/12 opens up a win-dow with the pre-vi-ous value (Fig-
 []


Underfull \hbox (badness 1389) in paragraph at lines 145--157
\OT1/cmr/m/n/12 ure 8[]) that can be edited and stored by press-ing
 []


Underfull \hbox (badness 10000) in paragraph at lines 145--157

 []


Underfull \hbox (badness 1199) in paragraph at lines 145--157
\OT1/cmr/m/n/12 To con-struct a new fil-ter, se-lect one of the built-
 []


Underfull \hbox (badness 2073) in paragraph at lines 145--157
\OT1/cmr/m/n/12 and-drop it to the de-sired ex-per-i-ment. The pa-
 []


Underfull \hbox (badness 2556) in paragraph at lines 145--157
\OT1/cmr/m/n/12 also be drag-and-dropped be-tween dif-fer-ent ex-per-i-
 []


Underfull \hbox (badness 10000) in paragraph at lines 145--157

 []

[9

 </Users/benjaminbolling/Dokument/FYSB06/GUI_manual/Screens/3_1_filter_sel.png>
 </Users/benjaminbolling/Dokument/FYSB06/GUI_manual/Screens/3_2_filter_cond_edi
t.png>]
</Users/benjaminbolling/Dokument/FYSB06/GUI_manual/Screens/3_3_filter_edit.png,
 id=56, 578.16pt x 560.0925pt>
File: /Users/benjaminbolling/Dokument/FYSB06/GUI_manual/Screens/3_3_filter_edit
.png Graphic file (type png)

<use /Users/benjaminbolling/Dokument/FYSB06/GUI_manual/Screens/3_3_filter_edit.
png>
Package pdftex.def Info: /Users/benjaminbolling/Dokument/FYSB06/GUI_manual/Scre
ens/3_3_filter_edit.png used on input line 160.
(pdftex.def)             Requested size: 344.005pt x 333.2549pt.
LaTeX Font Info:    External font `cmex10' loaded for size
(Font)              <5> on input line 165.

Underfull \hbox (badness 10000) in paragraph at lines 163--166

 []

[10

 </Users/benjaminbolling/Dokument/FYSB06/GUI_manual/Screens/3_3_filter_edit.png
>]
</Users/benjaminbolling/Dokument/FYSB06/GUI_manual/Screens/4_1_plot_no_filter.p
ng, id=62, 1111.15125pt x 941.5175pt>
File: /Users/benjaminbolling/Dokument/FYSB06/GUI_manual/Screens/4_1_plot_no_fil
ter.png Graphic file (type png)

<use /Users/benjaminbolling/Dokument/FYSB06/GUI_manual/Screens/4_1_plot_no_filt
er.png>
Package pdftex.def Info: /Users/benjaminbolling/Dokument/FYSB06/GUI_manual/Scre
ens/4_1_plot_no_filter.png used on input line 175.
(pdftex.def)             Requested size: 344.005pt x 291.47952pt.

Underfull \hbox (badness 10000) in paragraph at lines 170--178

 []

[11

 </Users/benjaminbolling/Dokument/FYSB06/GUI_manual/Screens/4_1_plot_no_filter.
png>]
</Users/benjaminbolling/Dokument/FYSB06/GUI_manual/Screens/4_4_plot_new_conf.pn
g, id=67, 1267.73625pt x 936.49875pt>
File: /Users/benjaminbolling/Dokument/FYSB06/GUI_manual/Screens/4_4_plot_new_co
nf.png Graphic file (type png)

<use /Users/benjaminbolling/Dokument/FYSB06/GUI_manual/Screens/4_4_plot_new_con
f.png>
Package pdftex.def Info: /Users/benjaminbolling/Dokument/FYSB06/GUI_manual/Scre
ens/4_4_plot_new_conf.png used on input line 182.
(pdftex.def)             Requested size: 344.005pt x 254.11554pt.
 [12

 </Users/benjaminbolling/Dokument/FYSB06/GUI_manual/Screens/4_4_plot_new_conf.p
ng>]
</Users/benjaminbolling/Dokument/FYSB06/GUI_manual/Screens/4_2_plot_hits_filter
.png, id=72, 1112.155pt x 939.51pt>
File: /Users/benjaminbolling/Dokument/FYSB06/GUI_manual/Screens/4_2_plot_hits_f
ilter.png Graphic file (type png)

<use /Users/benjaminbolling/Dokument/FYSB06/GUI_manual/Screens/4_2_plot_hits_fi
lter.png>
Package pdftex.def Info: /Users/benjaminbolling/Dokument/FYSB06/GUI_manual/Scre
ens/4_2_plot_hits_filter.png used on input line 192.
(pdftex.def)             Requested size: 258.00539pt x 217.9464pt.

</Users/benjaminbolling/Dokument/FYSB06/GUI_manual/Screens/4_3_plot_hits_events
_filter.png, id=73, 1120.185pt x 943.525pt>
File: /Users/benjaminbolling/Dokument/FYSB06/GUI_manual/Screens/4_3_plot_hits_e
vents_filter.png Graphic file (type png)

<use /Users/benjaminbolling/Dokument/FYSB06/GUI_manual/Screens/4_3_plot_hits_ev
ents_filter.png>
Package pdftex.def Info: /Users/benjaminbolling/Dokument/FYSB06/GUI_manual/Scre
ens/4_3_plot_hits_events_filter.png used on input line 197.
(pdftex.def)             Requested size: 258.00539pt x 217.30852pt.


LaTeX Warning: `h' float specifier changed to `ht'.

[13

 </Users/benjaminbolling/Dokument/FYSB06/GUI_manual/Screens/4_2_plot_hits_filte
r.png>] [14 </Users/benjaminbolling/Dokument/FYSB06/GUI_manual/Screens/4_3_plot
_hits_events_filter.png>] [15

] (./MainDoc.aux)

LaTeX Warning: Label(s) may have changed. Rerun to get cross-references right.

 ) 
Here is how much of TeX's memory you used:
 2137 strings out of 492995
 34753 string characters out of 6132704
 96510 words of memory out of 5000000
 5668 multiletter control sequences out of 15000+600000
 8848 words of font info for 31 fonts, out of 8000000 for 9000
 1141 hyphenation exceptions out of 8191
 39i,8n,25p,588b,236s stack positions out of 5000i,500n,10000p,200000b,80000s
</usr/local/texlive/2017/texmf-dist/fonts/type1/public/amsfonts/cm/cmbx12.pfb
></usr/local/texlive/2017/texmf-dist/fonts/type1/public/amsfonts/cm/cmr10.pfb><
/usr/local/texlive/2017/texmf-dist/fonts/type1/public/amsfonts/cm/cmr12.pfb></u
sr/local/texlive/2017/texmf-dist/fonts/type1/public/amsfonts/cm/cmr17.pfb></usr
/local/texlive/2017/texmf-dist/fonts/type1/public/amsfonts/cm/cmr7.pfb></usr/lo
cal/texlive/2017/texmf-dist/fonts/type1/public/amsfonts/cm/cmr8.pfb></usr/local
/texlive/2017/texmf-dist/fonts/type1/public/amsfonts/cm/cmsy10.pfb></usr/local/
texlive/2017/texmf-dist/fonts/type1/public/amsfonts/cm/cmsy8.pfb></usr/local/te
xlive/2017/texmf-dist/fonts/type1/public/amsfonts/cm/cmti12.pfb>
Output written on MainDoc.pdf (15 pages, 1490522 bytes).
PDF statistics:
 116 PDF objects out of 1000 (max. 8388607)
 63 compressed objects within 1 object stream
 0 named destinations out of 1000 (max. 500000)
 66 words of extra memory for PDF output out of 10000 (max. 10000000)

