\BOOKMARK [1][-]{section.1}{Introduction}{}% 1
\BOOKMARK [1][-]{section.2}{Data structure}{}% 2
\BOOKMARK [1][-]{section.3}{Metadata}{}% 3
\BOOKMARK [2][-]{subsection.3.1}{Metadata structure}{section.3}% 4
\BOOKMARK [2][-]{subsection.3.2}{storage}{section.3}% 5
\BOOKMARK [1][-]{section.4}{Data flow}{}% 6
\BOOKMARK [1][-]{section.5}{The package}{}% 7
\BOOKMARK [2][-]{subsection.5.1}{Input Output \(IO\)}{section.5}% 8
\BOOKMARK [2][-]{subsection.5.2}{correct}{section.5}% 9
\BOOKMARK [3][-]{subsubsection.5.2.1}{detection image translation}{subsection.5.2}% 10
\BOOKMARK [3][-]{subsubsection.5.2.2}{detector image rotation}{subsection.5.2}% 11
\BOOKMARK [3][-]{subsubsection.5.2.3}{Absolute TOF translation}{subsection.5.2}% 12
\BOOKMARK [3][-]{subsubsection.5.2.4}{TOF deviation due to detector-drift tube voltage mismatch}{subsection.5.2}% 13
\BOOKMARK [3][-]{subsubsection.5.2.5}{Non-circular correction}{subsection.5.2}% 14
\BOOKMARK [2][-]{subsection.5.3}{convert}{section.5}% 15
\BOOKMARK [3][-]{subsubsection.5.3.1}{TOF m/q}{subsection.5.3}% 16
\BOOKMARK [3][-]{subsubsection.5.3.2}{Signal labeling - single coincidence}{subsection.5.3}% 17
\BOOKMARK [3][-]{subsubsection.5.3.3}{Signal labeling - double coincidence}{subsection.5.3}% 18
\BOOKMARK [3][-]{subsubsection.5.3.4}{Branching ratio's}{subsection.5.3}% 19
\BOOKMARK [3][-]{subsubsection.5.3.5}{Momentum}{subsection.5.3}% 20
\BOOKMARK [3][-]{subsubsection.5.3.6}{Kinetic Energy Release}{subsection.5.3}% 21
\BOOKMARK [3][-]{subsubsection.5.3.7}{Mutual momentum angle}{subsection.5.3}% 22
\BOOKMARK [3][-]{subsubsection.5.3.8}{Asymmetry parameter }{subsection.5.3}% 23
\BOOKMARK [3][-]{subsubsection.5.3.9}{Interaction point}{subsection.5.3}% 24
\BOOKMARK [3][-]{subsubsection.5.3.10}{Oversight of signals}{subsection.5.3}% 25
\BOOKMARK [2][-]{subsection.5.4}{filter}{section.5}% 26
\BOOKMARK [2][-]{subsection.5.5}{plot}{section.5}% 27
\BOOKMARK [3][-]{subsubsection.5.5.1}{Mass to charge}{subsection.5.5}% 28
\BOOKMARK [3][-]{subsubsection.5.5.2}{momentum}{subsection.5.5}% 29
\BOOKMARK [2][-]{subsection.5.6}{calibrate}{section.5}% 30
\BOOKMARK [2][-]{subsection.5.7}{general}{section.5}% 31
\BOOKMARK [1][-]{section.6}{Installation}{}% 32
