\BOOKMARK [1][-]{section.1}{Data structure}{}% 1
\BOOKMARK [1][-]{section.2}{Metadata structure}{}% 2
\BOOKMARK [2][-]{subsection.2.1}{storage}{section.2}% 3
\BOOKMARK [1][-]{section.3}{Data flow}{}% 4
\BOOKMARK [1][-]{section.4}{The package}{}% 5
\BOOKMARK [2][-]{subsection.4.1}{Input Output \(IO\)}{section.4}% 6
\BOOKMARK [2][-]{subsection.4.2}{correct}{section.4}% 7
\BOOKMARK [3][-]{subsubsection.4.2.1}{detection image translation}{subsection.4.2}% 8
\BOOKMARK [3][-]{subsubsection.4.2.2}{detector image rotation}{subsection.4.2}% 9
\BOOKMARK [3][-]{subsubsection.4.2.3}{Absolute TOF translation}{subsection.4.2}% 10
\BOOKMARK [3][-]{subsubsection.4.2.4}{TOF deviation due to detector-drift tube voltage mismatch}{subsection.4.2}% 11
\BOOKMARK [2][-]{subsection.4.3}{convert}{section.4}% 12
\BOOKMARK [3][-]{subsubsection.4.3.1}{TOF m/q}{subsection.4.3}% 13
\BOOKMARK [3][-]{subsubsection.4.3.2}{Signal labeling - single coincidence}{subsection.4.3}% 14
\BOOKMARK [3][-]{subsubsection.4.3.3}{Signal labeling - double coincidence}{subsection.4.3}% 15
\BOOKMARK [3][-]{subsubsection.4.3.4}{Branching ratio's}{subsection.4.3}% 16
\BOOKMARK [3][-]{subsubsection.4.3.5}{Momentum}{subsection.4.3}% 17
\BOOKMARK [3][-]{subsubsection.4.3.6}{Kinetic Energy Release}{subsection.4.3}% 18
\BOOKMARK [3][-]{subsubsection.4.3.7}{Mutual momentum angle}{subsection.4.3}% 19
\BOOKMARK [3][-]{subsubsection.4.3.8}{Asymmetry parameter }{subsection.4.3}% 20
\BOOKMARK [3][-]{subsubsection.4.3.9}{Interaction point}{subsection.4.3}% 21
\BOOKMARK [3][-]{subsubsection.4.3.10}{Oversight of signals}{subsection.4.3}% 22
\BOOKMARK [2][-]{subsection.4.4}{filter}{section.4}% 23
\BOOKMARK [2][-]{subsection.4.5}{plot}{section.4}% 24
\BOOKMARK [3][-]{subsubsection.4.5.1}{Mass to charge}{subsection.4.5}% 25
\BOOKMARK [3][-]{subsubsection.4.5.2}{momentum}{subsection.4.5}% 26
\BOOKMARK [2][-]{subsection.4.6}{calibrate}{section.4}% 27
\BOOKMARK [2][-]{subsection.4.7}{general}{section.4}% 28
\BOOKMARK [1][-]{section.5}{Diagnostics}{}% 29
\BOOKMARK [2][-]{subsection.5.1}{Theory}{section.5}% 30
\BOOKMARK [2][-]{subsection.5.2}{SIMION}{section.5}% 31
\BOOKMARK [1][-]{section.6}{Installation}{}% 32
