This is pdfTeX, Version 3.14159265-2.6-1.40.17 (TeX Live 2016/Debian) (preloaded format=pdflatex 2017.8.18)  15 DEC 2017 14:39
entering extended mode
 restricted \write18 enabled.
 %&-line parsing enabled.
**main.tex
(./main.tex
LaTeX2e <2017/01/01> patch level 3
Babel <3.9r> and hyphenation patterns for 83 language(s) loaded.
(./packages.tex (/usr/share/texlive/texmf-dist/tex/latex/base/article.cls
Document Class: article 2014/09/29 v1.4h Standard LaTeX document class
(/usr/share/texlive/texmf-dist/tex/latex/base/size12.clo
File: size12.clo 2014/09/29 v1.4h Standard LaTeX file (size option)
)
\c@part=\count79
\c@section=\count80
\c@subsection=\count81
\c@subsubsection=\count82
\c@paragraph=\count83
\c@subparagraph=\count84
\c@figure=\count85
\c@table=\count86
\abovecaptionskip=\skip41
\belowcaptionskip=\skip42
\bibindent=\dimen102
)
(/usr/share/texlive/texmf-dist/tex/latex/base/inputenc.sty
Package: inputenc 2015/03/17 v1.2c Input encoding file
\inpenc@prehook=\toks14
\inpenc@posthook=\toks15

(/usr/share/texlive/texmf-dist/tex/latex/base/utf8.def
File: utf8.def 2017/01/28 v1.1t UTF-8 support for inputenc
Now handling font encoding OML ...
... no UTF-8 mapping file for font encoding OML
Now handling font encoding T1 ...
... processing UTF-8 mapping file for font encoding T1

(/usr/share/texlive/texmf-dist/tex/latex/base/t1enc.dfu
File: t1enc.dfu 2017/01/28 v1.1t UTF-8 support for inputenc
   defining Unicode char U+00A0 (decimal 160)
   defining Unicode char U+00A1 (decimal 161)
   defining Unicode char U+00A3 (decimal 163)
   defining Unicode char U+00AB (decimal 171)
   defining Unicode char U+00AD (decimal 173)
   defining Unicode char U+00BB (decimal 187)
   defining Unicode char U+00BF (decimal 191)
   defining Unicode char U+00C0 (decimal 192)
   defining Unicode char U+00C1 (decimal 193)
   defining Unicode char U+00C2 (decimal 194)
   defining Unicode char U+00C3 (decimal 195)
   defining Unicode char U+00C4 (decimal 196)
   defining Unicode char U+00C5 (decimal 197)
   defining Unicode char U+00C6 (decimal 198)
   defining Unicode char U+00C7 (decimal 199)
   defining Unicode char U+00C8 (decimal 200)
   defining Unicode char U+00C9 (decimal 201)
   defining Unicode char U+00CA (decimal 202)
   defining Unicode char U+00CB (decimal 203)
   defining Unicode char U+00CC (decimal 204)
   defining Unicode char U+00CD (decimal 205)
   defining Unicode char U+00CE (decimal 206)
   defining Unicode char U+00CF (decimal 207)
   defining Unicode char U+00D0 (decimal 208)
   defining Unicode char U+00D1 (decimal 209)
   defining Unicode char U+00D2 (decimal 210)
   defining Unicode char U+00D3 (decimal 211)
   defining Unicode char U+00D4 (decimal 212)
   defining Unicode char U+00D5 (decimal 213)
   defining Unicode char U+00D6 (decimal 214)
   defining Unicode char U+00D8 (decimal 216)
   defining Unicode char U+00D9 (decimal 217)
   defining Unicode char U+00DA (decimal 218)
   defining Unicode char U+00DB (decimal 219)
   defining Unicode char U+00DC (decimal 220)
   defining Unicode char U+00DD (decimal 221)
   defining Unicode char U+00DE (decimal 222)
   defining Unicode char U+00DF (decimal 223)
   defining Unicode char U+00E0 (decimal 224)
   defining Unicode char U+00E1 (decimal 225)
   defining Unicode char U+00E2 (decimal 226)
   defining Unicode char U+00E3 (decimal 227)
   defining Unicode char U+00E4 (decimal 228)
   defining Unicode char U+00E5 (decimal 229)
   defining Unicode char U+00E6 (decimal 230)
   defining Unicode char U+00E7 (decimal 231)
   defining Unicode char U+00E8 (decimal 232)
   defining Unicode char U+00E9 (decimal 233)
   defining Unicode char U+00EA (decimal 234)
   defining Unicode char U+00EB (decimal 235)
   defining Unicode char U+00EC (decimal 236)
   defining Unicode char U+00ED (decimal 237)
   defining Unicode char U+00EE (decimal 238)
   defining Unicode char U+00EF (decimal 239)
   defining Unicode char U+00F0 (decimal 240)
   defining Unicode char U+00F1 (decimal 241)
   defining Unicode char U+00F2 (decimal 242)
   defining Unicode char U+00F3 (decimal 243)
   defining Unicode char U+00F4 (decimal 244)
   defining Unicode char U+00F5 (decimal 245)
   defining Unicode char U+00F6 (decimal 246)
   defining Unicode char U+00F8 (decimal 248)
   defining Unicode char U+00F9 (decimal 249)
   defining Unicode char U+00FA (decimal 250)
   defining Unicode char U+00FB (decimal 251)
   defining Unicode char U+00FC (decimal 252)
   defining Unicode char U+00FD (decimal 253)
   defining Unicode char U+00FE (decimal 254)
   defining Unicode char U+00FF (decimal 255)
   defining Unicode char U+0100 (decimal 256)
   defining Unicode char U+0101 (decimal 257)
   defining Unicode char U+0102 (decimal 258)
   defining Unicode char U+0103 (decimal 259)
   defining Unicode char U+0104 (decimal 260)
   defining Unicode char U+0105 (decimal 261)
   defining Unicode char U+0106 (decimal 262)
   defining Unicode char U+0107 (decimal 263)
   defining Unicode char U+0108 (decimal 264)
   defining Unicode char U+0109 (decimal 265)
   defining Unicode char U+010A (decimal 266)
   defining Unicode char U+010B (decimal 267)
   defining Unicode char U+010C (decimal 268)
   defining Unicode char U+010D (decimal 269)
   defining Unicode char U+010E (decimal 270)
   defining Unicode char U+010F (decimal 271)
   defining Unicode char U+0110 (decimal 272)
   defining Unicode char U+0111 (decimal 273)
   defining Unicode char U+0112 (decimal 274)
   defining Unicode char U+0113 (decimal 275)
   defining Unicode char U+0114 (decimal 276)
   defining Unicode char U+0115 (decimal 277)
   defining Unicode char U+0116 (decimal 278)
   defining Unicode char U+0117 (decimal 279)
   defining Unicode char U+0118 (decimal 280)
   defining Unicode char U+0119 (decimal 281)
   defining Unicode char U+011A (decimal 282)
   defining Unicode char U+011B (decimal 283)
   defining Unicode char U+011C (decimal 284)
   defining Unicode char U+011D (decimal 285)
   defining Unicode char U+011E (decimal 286)
   defining Unicode char U+011F (decimal 287)
   defining Unicode char U+0120 (decimal 288)
   defining Unicode char U+0121 (decimal 289)
   defining Unicode char U+0122 (decimal 290)
   defining Unicode char U+0123 (decimal 291)
   defining Unicode char U+0124 (decimal 292)
   defining Unicode char U+0125 (decimal 293)
   defining Unicode char U+0128 (decimal 296)
   defining Unicode char U+0129 (decimal 297)
   defining Unicode char U+012A (decimal 298)
   defining Unicode char U+012B (decimal 299)
   defining Unicode char U+012C (decimal 300)
   defining Unicode char U+012D (decimal 301)
   defining Unicode char U+012E (decimal 302)
   defining Unicode char U+012F (decimal 303)
   defining Unicode char U+0130 (decimal 304)
   defining Unicode char U+0131 (decimal 305)
   defining Unicode char U+0132 (decimal 306)
   defining Unicode char U+0133 (decimal 307)
   defining Unicode char U+0134 (decimal 308)
   defining Unicode char U+0135 (decimal 309)
   defining Unicode char U+0136 (decimal 310)
   defining Unicode char U+0137 (decimal 311)
   defining Unicode char U+0139 (decimal 313)
   defining Unicode char U+013A (decimal 314)
   defining Unicode char U+013B (decimal 315)
   defining Unicode char U+013C (decimal 316)
   defining Unicode char U+013D (decimal 317)
   defining Unicode char U+013E (decimal 318)
   defining Unicode char U+0141 (decimal 321)
   defining Unicode char U+0142 (decimal 322)
   defining Unicode char U+0143 (decimal 323)
   defining Unicode char U+0144 (decimal 324)
   defining Unicode char U+0145 (decimal 325)
   defining Unicode char U+0146 (decimal 326)
   defining Unicode char U+0147 (decimal 327)
   defining Unicode char U+0148 (decimal 328)
   defining Unicode char U+014A (decimal 330)
   defining Unicode char U+014B (decimal 331)
   defining Unicode char U+014C (decimal 332)
   defining Unicode char U+014D (decimal 333)
   defining Unicode char U+014E (decimal 334)
   defining Unicode char U+014F (decimal 335)
   defining Unicode char U+0150 (decimal 336)
   defining Unicode char U+0151 (decimal 337)
   defining Unicode char U+0152 (decimal 338)
   defining Unicode char U+0153 (decimal 339)
   defining Unicode char U+0154 (decimal 340)
   defining Unicode char U+0155 (decimal 341)
   defining Unicode char U+0156 (decimal 342)
   defining Unicode char U+0157 (decimal 343)
   defining Unicode char U+0158 (decimal 344)
   defining Unicode char U+0159 (decimal 345)
   defining Unicode char U+015A (decimal 346)
   defining Unicode char U+015B (decimal 347)
   defining Unicode char U+015C (decimal 348)
   defining Unicode char U+015D (decimal 349)
   defining Unicode char U+015E (decimal 350)
   defining Unicode char U+015F (decimal 351)
   defining Unicode char U+0160 (decimal 352)
   defining Unicode char U+0161 (decimal 353)
   defining Unicode char U+0162 (decimal 354)
   defining Unicode char U+0163 (decimal 355)
   defining Unicode char U+0164 (decimal 356)
   defining Unicode char U+0165 (decimal 357)
   defining Unicode char U+0168 (decimal 360)
   defining Unicode char U+0169 (decimal 361)
   defining Unicode char U+016A (decimal 362)
   defining Unicode char U+016B (decimal 363)
   defining Unicode char U+016C (decimal 364)
   defining Unicode char U+016D (decimal 365)
   defining Unicode char U+016E (decimal 366)
   defining Unicode char U+016F (decimal 367)
   defining Unicode char U+0170 (decimal 368)
   defining Unicode char U+0171 (decimal 369)
   defining Unicode char U+0172 (decimal 370)
   defining Unicode char U+0173 (decimal 371)
   defining Unicode char U+0174 (decimal 372)
   defining Unicode char U+0175 (decimal 373)
   defining Unicode char U+0176 (decimal 374)
   defining Unicode char U+0177 (decimal 375)
   defining Unicode char U+0178 (decimal 376)
   defining Unicode char U+0179 (decimal 377)
   defining Unicode char U+017A (decimal 378)
   defining Unicode char U+017B (decimal 379)
   defining Unicode char U+017C (decimal 380)
   defining Unicode char U+017D (decimal 381)
   defining Unicode char U+017E (decimal 382)
   defining Unicode char U+01CD (decimal 461)
   defining Unicode char U+01CE (decimal 462)
   defining Unicode char U+01CF (decimal 463)
   defining Unicode char U+01D0 (decimal 464)
   defining Unicode char U+01D1 (decimal 465)
   defining Unicode char U+01D2 (decimal 466)
   defining Unicode char U+01D3 (decimal 467)
   defining Unicode char U+01D4 (decimal 468)
   defining Unicode char U+01E2 (decimal 482)
   defining Unicode char U+01E3 (decimal 483)
   defining Unicode char U+01E6 (decimal 486)
   defining Unicode char U+01E7 (decimal 487)
   defining Unicode char U+01E8 (decimal 488)
   defining Unicode char U+01E9 (decimal 489)
   defining Unicode char U+01EA (decimal 490)
   defining Unicode char U+01EB (decimal 491)
   defining Unicode char U+01F0 (decimal 496)
   defining Unicode char U+01F4 (decimal 500)
   defining Unicode char U+01F5 (decimal 501)
   defining Unicode char U+0218 (decimal 536)
   defining Unicode char U+0219 (decimal 537)
   defining Unicode char U+021A (decimal 538)
   defining Unicode char U+021B (decimal 539)
   defining Unicode char U+0232 (decimal 562)
   defining Unicode char U+0233 (decimal 563)
   defining Unicode char U+1E02 (decimal 7682)
   defining Unicode char U+1E03 (decimal 7683)
   defining Unicode char U+200C (decimal 8204)
   defining Unicode char U+2010 (decimal 8208)
   defining Unicode char U+2011 (decimal 8209)
   defining Unicode char U+2012 (decimal 8210)
   defining Unicode char U+2013 (decimal 8211)
   defining Unicode char U+2014 (decimal 8212)
   defining Unicode char U+2015 (decimal 8213)
   defining Unicode char U+2018 (decimal 8216)
   defining Unicode char U+2019 (decimal 8217)
   defining Unicode char U+201A (decimal 8218)
   defining Unicode char U+201C (decimal 8220)
   defining Unicode char U+201D (decimal 8221)
   defining Unicode char U+201E (decimal 8222)
   defining Unicode char U+2030 (decimal 8240)
   defining Unicode char U+2031 (decimal 8241)
   defining Unicode char U+2039 (decimal 8249)
   defining Unicode char U+203A (decimal 8250)
   defining Unicode char U+2423 (decimal 9251)
   defining Unicode char U+1E20 (decimal 7712)
   defining Unicode char U+1E21 (decimal 7713)
)
Now handling font encoding OT1 ...
... processing UTF-8 mapping file for font encoding OT1

(/usr/share/texlive/texmf-dist/tex/latex/base/ot1enc.dfu
File: ot1enc.dfu 2017/01/28 v1.1t UTF-8 support for inputenc
   defining Unicode char U+00A0 (decimal 160)
   defining Unicode char U+00A1 (decimal 161)
   defining Unicode char U+00A3 (decimal 163)
   defining Unicode char U+00AD (decimal 173)
   defining Unicode char U+00B8 (decimal 184)
   defining Unicode char U+00BF (decimal 191)
   defining Unicode char U+00C5 (decimal 197)
   defining Unicode char U+00C6 (decimal 198)
   defining Unicode char U+00D8 (decimal 216)
   defining Unicode char U+00DF (decimal 223)
   defining Unicode char U+00E6 (decimal 230)
   defining Unicode char U+00EC (decimal 236)
   defining Unicode char U+00ED (decimal 237)
   defining Unicode char U+00EE (decimal 238)
   defining Unicode char U+00EF (decimal 239)
   defining Unicode char U+00F8 (decimal 248)
   defining Unicode char U+0131 (decimal 305)
   defining Unicode char U+0141 (decimal 321)
   defining Unicode char U+0142 (decimal 322)
   defining Unicode char U+0152 (decimal 338)
   defining Unicode char U+0153 (decimal 339)
   defining Unicode char U+0174 (decimal 372)
   defining Unicode char U+0175 (decimal 373)
   defining Unicode char U+0176 (decimal 374)
   defining Unicode char U+0177 (decimal 375)
   defining Unicode char U+0218 (decimal 536)
   defining Unicode char U+0219 (decimal 537)
   defining Unicode char U+021A (decimal 538)
   defining Unicode char U+021B (decimal 539)
   defining Unicode char U+2013 (decimal 8211)
   defining Unicode char U+2014 (decimal 8212)
   defining Unicode char U+2018 (decimal 8216)
   defining Unicode char U+2019 (decimal 8217)
   defining Unicode char U+201C (decimal 8220)
   defining Unicode char U+201D (decimal 8221)
)
Now handling font encoding OMS ...
... processing UTF-8 mapping file for font encoding OMS

(/usr/share/texlive/texmf-dist/tex/latex/base/omsenc.dfu
File: omsenc.dfu 2017/01/28 v1.1t UTF-8 support for inputenc
   defining Unicode char U+00A7 (decimal 167)
   defining Unicode char U+00B6 (decimal 182)
   defining Unicode char U+00B7 (decimal 183)
   defining Unicode char U+2020 (decimal 8224)
   defining Unicode char U+2021 (decimal 8225)
   defining Unicode char U+2022 (decimal 8226)
)
Now handling font encoding OMX ...
... no UTF-8 mapping file for font encoding OMX
Now handling font encoding U ...
... no UTF-8 mapping file for font encoding U
   defining Unicode char U+00A9 (decimal 169)
   defining Unicode char U+00AA (decimal 170)
   defining Unicode char U+00AE (decimal 174)
   defining Unicode char U+00BA (decimal 186)
   defining Unicode char U+02C6 (decimal 710)
   defining Unicode char U+02DC (decimal 732)
   defining Unicode char U+200C (decimal 8204)
   defining Unicode char U+2026 (decimal 8230)
   defining Unicode char U+2122 (decimal 8482)
   defining Unicode char U+2423 (decimal 9251)
))
(/usr/share/texlive/texmf-dist/tex/latex/appendix/appendix.sty
Package: appendix 2009/09/02 v1.2b extra appendix facilities
\c@@pps=\count87
\c@@ppsavesec=\count88
\c@@ppsaveapp=\count89
)
(/usr/share/texlive/texmf-dist/tex/latex/amsmath/amsmath.sty
Package: amsmath 2016/11/05 v2.16a AMS math features
\@mathmargin=\skip43

For additional information on amsmath, use the `?' option.
(/usr/share/texlive/texmf-dist/tex/latex/amsmath/amstext.sty
Package: amstext 2000/06/29 v2.01 AMS text

(/usr/share/texlive/texmf-dist/tex/latex/amsmath/amsgen.sty
File: amsgen.sty 1999/11/30 v2.0 generic functions
\@emptytoks=\toks16
\ex@=\dimen103
))
(/usr/share/texlive/texmf-dist/tex/latex/amsmath/amsbsy.sty
Package: amsbsy 1999/11/29 v1.2d Bold Symbols
\pmbraise@=\dimen104
)
(/usr/share/texlive/texmf-dist/tex/latex/amsmath/amsopn.sty
Package: amsopn 2016/03/08 v2.02 operator names
)
\inf@bad=\count90
LaTeX Info: Redefining \frac on input line 213.
\uproot@=\count91
\leftroot@=\count92
LaTeX Info: Redefining \overline on input line 375.
\classnum@=\count93
\DOTSCASE@=\count94
LaTeX Info: Redefining \ldots on input line 472.
LaTeX Info: Redefining \dots on input line 475.
LaTeX Info: Redefining \cdots on input line 596.
\Mathstrutbox@=\box26
\strutbox@=\box27
\big@size=\dimen105
LaTeX Font Info:    Redeclaring font encoding OML on input line 712.
LaTeX Font Info:    Redeclaring font encoding OMS on input line 713.
\macc@depth=\count95
\c@MaxMatrixCols=\count96
\dotsspace@=\muskip10
\c@parentequation=\count97
\dspbrk@lvl=\count98
\tag@help=\toks17
\row@=\count99
\column@=\count100
\maxfields@=\count101
\andhelp@=\toks18
\eqnshift@=\dimen106
\alignsep@=\dimen107
\tagshift@=\dimen108
\tagwidth@=\dimen109
\totwidth@=\dimen110
\lineht@=\dimen111
\@envbody=\toks19
\multlinegap=\skip44
\multlinetaggap=\skip45
\mathdisplay@stack=\toks20
LaTeX Info: Redefining \[ on input line 2817.
LaTeX Info: Redefining \] on input line 2818.
)
(/usr/share/texlive/texmf-dist/tex/latex/amsfonts/amssymb.sty
Package: amssymb 2013/01/14 v3.01 AMS font symbols

(/usr/share/texlive/texmf-dist/tex/latex/amsfonts/amsfonts.sty
Package: amsfonts 2013/01/14 v3.01 Basic AMSFonts support
\symAMSa=\mathgroup4
\symAMSb=\mathgroup5
LaTeX Font Info:    Overwriting math alphabet `\mathfrak' in version `bold'
(Font)                  U/euf/m/n --> U/euf/b/n on input line 106.
))
(/usr/share/texlive/texmf-dist/tex/latex/geometry/geometry.sty
Package: geometry 2010/09/12 v5.6 Page Geometry

(/usr/share/texlive/texmf-dist/tex/latex/graphics/keyval.sty
Package: keyval 2014/10/28 v1.15 key=value parser (DPC)
\KV@toks@=\toks21
)
(/usr/share/texlive/texmf-dist/tex/generic/oberdiek/ifpdf.sty
Package: ifpdf 2016/05/14 v3.1 Provides the ifpdf switch
)
(/usr/share/texlive/texmf-dist/tex/generic/oberdiek/ifvtex.sty
Package: ifvtex 2016/05/16 v1.6 Detect VTeX and its facilities (HO)
Package ifvtex Info: VTeX not detected.
)
(/usr/share/texlive/texmf-dist/tex/generic/ifxetex/ifxetex.sty
Package: ifxetex 2010/09/12 v0.6 Provides ifxetex conditional
)
\Gm@cnth=\count102
\Gm@cntv=\count103
\c@Gm@tempcnt=\count104
\Gm@bindingoffset=\dimen112
\Gm@wd@mp=\dimen113
\Gm@odd@mp=\dimen114
\Gm@even@mp=\dimen115
\Gm@layoutwidth=\dimen116
\Gm@layoutheight=\dimen117
\Gm@layouthoffset=\dimen118
\Gm@layoutvoffset=\dimen119
\Gm@dimlist=\toks22
)
(/usr/share/texlive/texmf-dist/tex/latex/graphics/graphicx.sty
Package: graphicx 2014/10/28 v1.0g Enhanced LaTeX Graphics (DPC,SPQR)

(/usr/share/texlive/texmf-dist/tex/latex/graphics/graphics.sty
Package: graphics 2016/10/09 v1.0u Standard LaTeX Graphics (DPC,SPQR)

(/usr/share/texlive/texmf-dist/tex/latex/graphics/trig.sty
Package: trig 2016/01/03 v1.10 sin cos tan (DPC)
)
(/usr/share/texlive/texmf-dist/tex/latex/graphics-cfg/graphics.cfg
File: graphics.cfg 2016/06/04 v1.11 sample graphics configuration
)
Package graphics Info: Driver file: pdftex.def on input line 99.

(/usr/share/texlive/texmf-dist/tex/latex/graphics-def/pdftex.def
File: pdftex.def 2017/01/12 v0.06k Graphics/color for pdfTeX

(/usr/share/texlive/texmf-dist/tex/generic/oberdiek/infwarerr.sty
Package: infwarerr 2016/05/16 v1.4 Providing info/warning/error messages (HO)
)
(/usr/share/texlive/texmf-dist/tex/generic/oberdiek/ltxcmds.sty
Package: ltxcmds 2016/05/16 v1.23 LaTeX kernel commands for general use (HO)
)
\Gread@gobject=\count105
))
\Gin@req@height=\dimen120
\Gin@req@width=\dimen121
)
(/usr/share/texlive/texmf-dist/tex/latex/oberdiek/epstopdf.sty
Package: epstopdf 2016/05/15 v2.6 Conversion with epstopdf on the fly (HO)

(/usr/share/texlive/texmf-dist/tex/latex/oberdiek/epstopdf-base.sty
Package: epstopdf-base 2016/05/15 v2.6 Base part for package epstopdf

(/usr/share/texlive/texmf-dist/tex/latex/oberdiek/grfext.sty
Package: grfext 2016/05/16 v1.2 Manage graphics extensions (HO)

(/usr/share/texlive/texmf-dist/tex/generic/oberdiek/kvdefinekeys.sty
Package: kvdefinekeys 2016/05/16 v1.4 Define keys (HO)
))
(/usr/share/texlive/texmf-dist/tex/latex/oberdiek/kvoptions.sty
Package: kvoptions 2016/05/16 v3.12 Key value format for package options (HO)

(/usr/share/texlive/texmf-dist/tex/generic/oberdiek/kvsetkeys.sty
Package: kvsetkeys 2016/05/16 v1.17 Key value parser (HO)

(/usr/share/texlive/texmf-dist/tex/generic/oberdiek/etexcmds.sty
Package: etexcmds 2016/05/16 v1.6 Avoid name clashes with e-TeX commands (HO)

(/usr/share/texlive/texmf-dist/tex/generic/oberdiek/ifluatex.sty
Package: ifluatex 2016/05/16 v1.4 Provides the ifluatex switch (HO)
Package ifluatex Info: LuaTeX not detected.
)
Package etexcmds Info: Could not find \expanded.
(etexcmds)             That can mean that you are not using pdfTeX 1.50 or
(etexcmds)             that some package has redefined \expanded.
(etexcmds)             In the latter case, load this package earlier.
)))
(/usr/share/texlive/texmf-dist/tex/generic/oberdiek/pdftexcmds.sty
Package: pdftexcmds 2016/05/21 v0.22 Utility functions of pdfTeX for LuaTeX (HO
)
Package pdftexcmds Info: LuaTeX not detected.
Package pdftexcmds Info: \pdf@primitive is available.
Package pdftexcmds Info: \pdf@ifprimitive is available.
Package pdftexcmds Info: \pdfdraftmode found.
)
Package epstopdf-base Info: Redefining graphics rule for `.eps' on input line 4
38.
Package grfext Info: Graphics extension search list:
(grfext)             [.png,.pdf,.jpg,.mps,.jpeg,.jbig2,.jb2,.PNG,.PDF,.JPG,.JPE
G,.JBIG2,.JB2,.eps]
(grfext)             \AppendGraphicsExtensions on input line 456.

(/usr/share/texlive/texmf-dist/tex/latex/latexconfig/epstopdf-sys.cfg
File: epstopdf-sys.cfg 2010/07/13 v1.3 Configuration of (r)epstopdf for TeX Liv
e
)))
(/usr/share/texlive/texmf-dist/tex/latex/import/import.sty
Package: import 2009/03/23  v 5.1
)
(/usr/share/texlive/texmf-dist/tex/latex/float/float.sty
Package: float 2001/11/08 v1.3d Float enhancements (AL)
\c@float@type=\count106
\float@exts=\toks23
\float@box=\box28
\@float@everytoks=\toks24
\@floatcapt=\box29
)
(/usr/share/texlive/texmf-dist/tex/latex/booktabs/booktabs.sty
Package: booktabs 2016/04/27 v1.618033 publication quality tables
\heavyrulewidth=\dimen122
\lightrulewidth=\dimen123
\cmidrulewidth=\dimen124
\belowrulesep=\dimen125
\belowbottomsep=\dimen126
\aboverulesep=\dimen127
\abovetopsep=\dimen128
\cmidrulesep=\dimen129
\cmidrulekern=\dimen130
\defaultaddspace=\dimen131
\@cmidla=\count107
\@cmidlb=\count108
\@aboverulesep=\dimen132
\@belowrulesep=\dimen133
\@thisruleclass=\count109
\@lastruleclass=\count110
\@thisrulewidth=\dimen134
)
(/usr/share/texlive/texmf-dist/tex/latex/tools/array.sty
Package: array 2016/10/06 v2.4d Tabular extension package (FMi)
\col@sep=\dimen135
\extrarowheight=\dimen136
\NC@list=\toks25
\extratabsurround=\skip46
\backup@length=\skip47
)
(/usr/share/texlive/texmf-dist/tex/latex/paralist/paralist.sty
Package: paralist 2017/01/22 v2.7 Extended list environments
\pltopsep=\skip48
\plpartopsep=\skip49
\plitemsep=\skip50
\plparsep=\skip51
\pl@lab=\toks26
)
(/usr/share/texlive/texmf-dist/tex/latex/tools/verbatim.sty
Package: verbatim 2014/10/28 v1.5q LaTeX2e package for verbatim enhancements
\every@verbatim=\toks27
\verbatim@line=\toks28
\verbatim@in@stream=\read1
)
(/usr/share/texlive/texmf-dist/tex/latex/subfig/subfig.sty
Package: subfig 2005/06/28 ver: 1.3 subfig package

(/usr/share/texlive/texmf-dist/tex/latex/caption/caption.sty
Package: caption 2016/02/21 v3.3-144 Customizing captions (AR)

(/usr/share/texlive/texmf-dist/tex/latex/caption/caption3.sty
Package: caption3 2016/05/22 v1.7-166 caption3 kernel (AR)
Package caption3 Info: TeX engine: e-TeX on input line 67.
\captionmargin=\dimen137
\captionmargin@=\dimen138
\captionwidth=\dimen139
\caption@tempdima=\dimen140
\caption@indent=\dimen141
\caption@parindent=\dimen142
\caption@hangindent=\dimen143
)
\c@ContinuedFloat=\count111
Package caption Info: float package is loaded.
)
\c@KVtest=\count112
\sf@farskip=\skip52
\sf@captopadj=\dimen144
\sf@capskip=\skip53
\sf@nearskip=\skip54
\c@subfigure=\count113
\c@subfigure@save=\count114
\c@lofdepth=\count115
\c@subtable=\count116
\c@subtable@save=\count117
\c@lotdepth=\count118
\sf@top=\skip55
\sf@bottom=\skip56
)
(/usr/share/texlive/texmf-dist/tex/latex/hyperref/hyperref.sty
Package: hyperref 2016/06/24 v6.83q Hypertext links for LaTeX

(/usr/share/texlive/texmf-dist/tex/generic/oberdiek/hobsub-hyperref.sty
Package: hobsub-hyperref 2016/05/16 v1.14 Bundle oberdiek, subset hyperref (HO)


(/usr/share/texlive/texmf-dist/tex/generic/oberdiek/hobsub-generic.sty
Package: hobsub-generic 2016/05/16 v1.14 Bundle oberdiek, subset generic (HO)
Package: hobsub 2016/05/16 v1.14 Construct package bundles (HO)
Package hobsub Info: Skipping package `infwarerr' (already loaded).
Package hobsub Info: Skipping package `ltxcmds' (already loaded).
Package hobsub Info: Skipping package `ifluatex' (already loaded).
Package hobsub Info: Skipping package `ifvtex' (already loaded).
Package: intcalc 2016/05/16 v1.2 Expandable calculations with integers (HO)
Package hobsub Info: Skipping package `ifpdf' (already loaded).
Package hobsub Info: Skipping package `etexcmds' (already loaded).
Package hobsub Info: Skipping package `kvsetkeys' (already loaded).
Package hobsub Info: Skipping package `kvdefinekeys' (already loaded).
Package hobsub Info: Skipping package `pdftexcmds' (already loaded).
Package: pdfescape 2016/05/16 v1.14 Implements pdfTeX's escape features (HO)
Package: bigintcalc 2016/05/16 v1.4 Expandable calculations on big integers (HO
)
Package: bitset 2016/05/16 v1.2 Handle bit-vector datatype (HO)
Package: uniquecounter 2016/05/16 v1.3 Provide unlimited unique counter (HO)
)
Package hobsub Info: Skipping package `hobsub' (already loaded).
Package: letltxmacro 2016/05/16 v1.5 Let assignment for LaTeX macros (HO)
Package: hopatch 2016/05/16 v1.3 Wrapper for package hooks (HO)
Package: xcolor-patch 2016/05/16 xcolor patch
Package: atveryend 2016/05/16 v1.9 Hooks at the very end of document (HO)
Package atveryend Info: \enddocument detected (standard20110627).
Package: atbegshi 2016/06/09 v1.18 At begin shipout hook (HO)
Package: refcount 2016/05/16 v3.5 Data extraction from label references (HO)
Package: hycolor 2016/05/16 v1.8 Color options for hyperref/bookmark (HO)
)
(/usr/share/texlive/texmf-dist/tex/latex/oberdiek/auxhook.sty
Package: auxhook 2016/05/16 v1.4 Hooks for auxiliary files (HO)
)
\@linkdim=\dimen145
\Hy@linkcounter=\count119
\Hy@pagecounter=\count120

(/usr/share/texlive/texmf-dist/tex/latex/hyperref/pd1enc.def
File: pd1enc.def 2016/06/24 v6.83q Hyperref: PDFDocEncoding definition (HO)
Now handling font encoding PD1 ...
... no UTF-8 mapping file for font encoding PD1
)
\Hy@SavedSpaceFactor=\count121

(/usr/share/texlive/texmf-dist/tex/latex/latexconfig/hyperref.cfg
File: hyperref.cfg 2002/06/06 v1.2 hyperref configuration of TeXLive
)
Package hyperref Info: Hyper figures OFF on input line 4486.
Package hyperref Info: Link nesting OFF on input line 4491.
Package hyperref Info: Hyper index ON on input line 4494.
Package hyperref Info: Plain pages OFF on input line 4501.
Package hyperref Info: Backreferencing OFF on input line 4506.
Package hyperref Info: Implicit mode ON; LaTeX internals redefined.
Package hyperref Info: Bookmarks ON on input line 4735.
\c@Hy@tempcnt=\count122

(/usr/share/texlive/texmf-dist/tex/latex/url/url.sty
\Urlmuskip=\muskip11
Package: url 2013/09/16  ver 3.4  Verb mode for urls, etc.
)
LaTeX Info: Redefining \url on input line 5088.
\XeTeXLinkMargin=\dimen146
\Fld@menulength=\count123
\Field@Width=\dimen147
\Fld@charsize=\dimen148
Package hyperref Info: Hyper figures OFF on input line 6342.
Package hyperref Info: Link nesting OFF on input line 6347.
Package hyperref Info: Hyper index ON on input line 6350.
Package hyperref Info: backreferencing OFF on input line 6357.
Package hyperref Info: Link coloring OFF on input line 6362.
Package hyperref Info: Link coloring with OCG OFF on input line 6367.
Package hyperref Info: PDF/A mode OFF on input line 6372.
LaTeX Info: Redefining \ref on input line 6412.
LaTeX Info: Redefining \pageref on input line 6416.
\Hy@abspage=\count124
\c@Item=\count125
\c@Hfootnote=\count126
)

Package hyperref Message: Driver (autodetected): hpdftex.

(/usr/share/texlive/texmf-dist/tex/latex/hyperref/hpdftex.def
File: hpdftex.def 2016/06/24 v6.83q Hyperref driver for pdfTeX
\Fld@listcount=\count127
\c@bookmark@seq@number=\count128

(/usr/share/texlive/texmf-dist/tex/latex/oberdiek/rerunfilecheck.sty
Package: rerunfilecheck 2016/05/16 v1.8 Rerun checks for auxiliary files (HO)
Package uniquecounter Info: New unique counter `rerunfilecheck' on input line 2
82.
)
\Hy@SectionHShift=\skip57
)
(/usr/share/texlive/texmf-dist/tex/latex/datetime/datetime.sty
Package: datetime 2015/03/20 v2.60 Date Time Package

(/usr/share/texlive/texmf-dist/tex/latex/etoolbox/etoolbox.sty
Package: etoolbox 2017/01/02 v2.4 e-TeX tools for LaTeX (JAW)
\etb@tempcnta=\count129
)
(/usr/share/texlive/texmf-dist/tex/latex/fmtcount/fmtcount.sty
Package: fmtcount 2015/05/05 v3.01

(/usr/share/texlive/texmf-dist/tex/latex/base/ifthen.sty
Package: ifthen 2014/09/29 v1.1c Standard LaTeX ifthen package (DPC)
)
(/usr/share/texlive/texmf-dist/tex/latex/xkeyval/xkeyval.sty
Package: xkeyval 2014/12/03 v2.7a package option processing (HA)

(/usr/share/texlive/texmf-dist/tex/generic/xkeyval/xkeyval.tex
(/usr/share/texlive/texmf-dist/tex/generic/xkeyval/xkvutils.tex
\XKV@toks=\toks29
\XKV@tempa@toks=\toks30
)
\XKV@depth=\count130
File: xkeyval.tex 2014/12/03 v2.7a key=value parser (HA)
))
(/usr/share/texlive/texmf-dist/tex/latex/fmtcount/fcprefix.sty
Package: fcprefix 2012/09/28

(/usr/share/texlive/texmf-dist/tex/latex/fmtcount/fcnumparser.sty
Package: fcnumparser 2012/09/28
\fc@digit@counter=\count131
))
\c@padzeroesN=\count132
\fc@tmpcatcode=\count133
\@DT@modctr=\count134
\@ordinalctr=\count135
\@orgargctr=\count136
\@strctr=\count137
\@tmpstrctr=\count138
\@DT@loopN=\count139
\@DT@X=\count140

(/usr/share/texlive/texmf-dist/tex/latex/fmtcount/fc-english.def
File: fc-english.def 2013/08/17
))
(/usr/share/texlive/texmf-dist/tex/latex/datetime/datetime-defaults.sty
Package: datetime-defaults 2013/09/10
)
\@day=\count141
\@month=\count142
\@year=\count143
\c@HOUR=\count144
\c@HOURXII=\count145
\c@MINUTE=\count146
\c@TOHOUR=\count147
\c@TOMINUTE=\count148
\c@SECOND=\count149
\currenthour=\count150
\currentminute=\count151
\currentsecond=\count152
Package datetime Info: No datetime.cfg file found, using default settings on in
put line 308.
\@dtctr=\count153
\dayofyear=\count154
\dayofweek=\count155
LaTeX Info: Redefining \today on input line 736.
\dt@a=\toks31
\dt@b=\toks32
)
(/usr/share/texlive/texmf-dist/tex/latex/braket/braket.sty)
(/usr/share/texlive/texmf-dist/tex/latex/fancyhdr/fancyhdr.sty
Package: fancyhdr 2016/09/06 3.8 Extensive control of page headers and footers
\fancy@headwidth=\skip58
\f@ncyO@elh=\skip59
\f@ncyO@erh=\skip60
\f@ncyO@olh=\skip61
\f@ncyO@orh=\skip62
\f@ncyO@elf=\skip63
\f@ncyO@erf=\skip64
\f@ncyO@olf=\skip65
\f@ncyO@orf=\skip66
)
(/usr/share/texlive/texmf-dist/tex/latex/sectsty/sectsty.sty
Package: sectsty 2002/02/25 v2.0.2 Commands to change all sectional heading sty
les
)
(/usr/share/texlive/texmf-dist/tex/latex/tocbibind/tocbibind.sty
Package: tocbibind 2010/10/13 v1.5k extra ToC listings
Package tocbibind Info: The document has section divisions on input line 50.


Package tocbibind Note: Using section or other style headings.

) (/usr/share/texlive/texmf-dist/tex/latex/tocloft/tocloft.sty
Package: tocloft 2013/05/02 v2.3f parameterised ToC, etc., typesetting
Package tocloft Info: The document has section divisions on input line 44.
\cftparskip=\skip67
\cftbeforetoctitleskip=\skip68
\cftaftertoctitleskip=\skip69
\cftbeforepartskip=\skip70
\cftpartnumwidth=\skip71
\cftpartindent=\skip72
\cftbeforesecskip=\skip73
\cftsecindent=\skip74
\cftsecnumwidth=\skip75
\cftbeforesubsecskip=\skip76
\cftsubsecindent=\skip77
\cftsubsecnumwidth=\skip78
\cftbeforesubsubsecskip=\skip79
\cftsubsubsecindent=\skip80
\cftsubsubsecnumwidth=\skip81
\cftbeforeparaskip=\skip82
\cftparaindent=\skip83
\cftparanumwidth=\skip84
\cftbeforesubparaskip=\skip85
\cftsubparaindent=\skip86
\cftsubparanumwidth=\skip87
\cftbeforeloftitleskip=\skip88
\cftafterloftitleskip=\skip89
\cftbeforefigskip=\skip90
\cftfigindent=\skip91
\cftfignumwidth=\skip92
\cftbeforelottitleskip=\skip93
\cftafterlottitleskip=\skip94
\cftbeforetabskip=\skip95
\cfttabindent=\skip96
\cfttabnumwidth=\skip97
\cftbeforesubfigskip=\skip98
\cftsubfigindent=\skip99
\cftsubfignumwidth=\skip100
\cftbeforesubtabskip=\skip101
\cftsubtabindent=\skip102
\cftsubtabnumwidth=\skip103
)
(/usr/share/texlive/texmf-dist/tex/latex/graphics/color.sty
Package: color 2016/07/10 v1.1e Standard LaTeX Color (DPC)

(/usr/share/texlive/texmf-dist/tex/latex/graphics-cfg/color.cfg
File: color.cfg 2016/01/02 v1.6 sample color configuration
)
Package color Info: Driver file: pdftex.def on input line 147.
)
(/usr/share/texlive/texmf-dist/tex/latex/datatool/datatool.sty
Package: datatool 2016/07/28 v2.27 (NLCT)

(/usr/share/texlive/texmf-dist/tex/latex/xfor/xfor.sty
Package: xfor 2009/02/05 v1.05 (NLCT)
)
(/usr/share/texlive/texmf-dist/tex/latex/substr/substr.sty
Package: substr 2009/10/20 v1.2 Handle substrings
\c@su@anzahl=\count156
)
(/usr/share/texlive/texmf-dist/tex/latex/datatool/datatool-base.sty
Package: datatool-base 2016/07/28 v2.27 (NLCT)

(/usr/share/texlive/texmf-dist/tex/latex/datatool/datatool-fp.sty
Package: datatool-fp 2016/07/28 v2.27 (NLCT)

(/usr/share/texlive/texmf-dist/tex/latex/fp/fp.sty
Package: fp 1995/04/02

`Fixed Point Package', Version 0.8, April 2, 1995 (C) Michael Mehlich
(/usr/share/texlive/texmf-dist/tex/latex/fp/defpattern.sty
Package: defpattern 1994/10/12
\actioncount=\count157
)
(/usr/share/texlive/texmf-dist/tex/latex/fp/fp-basic.sty
Package: fp-basic 1996/05/13
\FP@xs=\count158
\FP@xia=\count159
\FP@xib=\count160
\FP@xfa=\count161
\FP@xfb=\count162
\FP@rega=\count163
\FP@regb=\count164
\FP@regs=\count165
\FP@times=\count166
)
(/usr/share/texlive/texmf-dist/tex/latex/fp/fp-addons.sty
Package: fp-addons 1995/03/15
)
(/usr/share/texlive/texmf-dist/tex/latex/fp/fp-snap.sty
Package: fp-snap 1995/04/05
)
(/usr/share/texlive/texmf-dist/tex/latex/fp/fp-exp.sty
Package: fp-exp 1995/04/03
)
(/usr/share/texlive/texmf-dist/tex/latex/fp/fp-trigo.sty
Package: fp-trigo 1995/04/14
)
(/usr/share/texlive/texmf-dist/tex/latex/fp/fp-pas.sty
Package: fp-pas 1994/08/29
)
(/usr/share/texlive/texmf-dist/tex/latex/fp/fp-random.sty
Package: fp-random 1995/02/23
\FPseed=\count167
)
(/usr/share/texlive/texmf-dist/tex/latex/fp/fp-eqn.sty
Package: fp-eqn 1995/04/03
)
(/usr/share/texlive/texmf-dist/tex/latex/fp/fp-upn.sty
Package: fp-upn 1996/10/21
)
(/usr/share/texlive/texmf-dist/tex/latex/fp/fp-eval.sty
Package: fp-eval 1995/04/03
)))
\@dtl@toks=\toks33
\@dtl@tmpcount=\count168
\dtl@tmplength=\skip104
\dtl@sortresult=\count169
\@dtl@numgrpsepcount=\count170
\@dtl@datatype=\count171
\dtl@codeA=\count172
\dtl@codeB=\count173
\@dtl@foreach@level=\count174
)
\dtlcolumnnum=\count175
\dtlrownum=\count176
\@dtl@before=\toks34
\@dtl@after=\toks35
\@dtl@colhead=\toks36
\dtlcurrentrow=\toks37
\dtlbeforerow=\toks38
\dtlafterrow=\toks39
\dtlforeachlevel=\count177
\c@DTLrowi=\count178
\c@DTLrowii=\count179
\c@DTLrowiii=\count180
\c@DTLrow=\count181
\dtl@rowi=\count182
\dtl@rowii=\count183
\dtl@rowiii=\count184
\@dtl@curi=\toks40
\@dtl@previ=\toks41
\@dtl@nexti=\toks42
\@dtl@curii=\toks43
\@dtl@previi=\toks44
\@dtl@nextii=\toks45
\@dtl@curiii=\toks46
\@dtl@previii=\toks47
\@dtl@nextiii=\toks48
\@dtl@elements=\count185
\@dtl@list=\toks49
\@dtl@rowa=\toks50
\@dtl@rowb=\toks51
\@dtl@toksA=\toks52
\@dtl@toksB=\toks53
\@dtl@write=\write3
\@dtl@read=\read2
\dtl@entrycr=\count186
\dtl@omitlines=\count187
)
(/usr/share/texlive/texmf-dist/tex/latex/listings/listings.sty
\lst@mode=\count188
\lst@gtempboxa=\box30
\lst@token=\toks54
\lst@length=\count189
\lst@currlwidth=\dimen149
\lst@column=\count190
\lst@pos=\count191
\lst@lostspace=\dimen150
\lst@width=\dimen151
\lst@newlines=\count192
\lst@lineno=\count193
\lst@maxwidth=\dimen152

(/usr/share/texlive/texmf-dist/tex/latex/listings/lstmisc.sty
File: lstmisc.sty 2015/06/04 1.6 (Carsten Heinz)
\c@lstnumber=\count194
\lst@skipnumbers=\count195
\lst@framebox=\box31
)
(/usr/share/texlive/texmf-dist/tex/latex/listings/listings.cfg
File: listings.cfg 2015/06/04 1.6 listings configuration
))
Package: listings 2015/06/04 1.6 (Carsten Heinz)

(/usr/share/texlive/texmf-dist/tex/latex/listings/lstlang1.sty
File: lstlang1.sty 2015/06/04 1.6 listings language file
)) (./main.aux

LaTeX Warning: Label `fig:test1' multiply defined.


LaTeX Warning: Label `Radius_correction_det_abb' multiply defined.


LaTeX Warning: Label `Radius_correction_det_abb' multiply defined.


LaTeX Warning: Label `labeling_C2' multiply defined.


LaTeX Warning: Label `Data_structure_schematic' multiply defined.


LaTeX Warning: Label `Data_structure_schematic' multiply defined.

)
\openout1 = `main.aux'.

LaTeX Font Info:    Checking defaults for OML/cmm/m/it on input line 9.
LaTeX Font Info:    ... okay on input line 9.
LaTeX Font Info:    Checking defaults for T1/cmr/m/n on input line 9.
LaTeX Font Info:    ... okay on input line 9.
LaTeX Font Info:    Checking defaults for OT1/cmr/m/n on input line 9.
LaTeX Font Info:    ... okay on input line 9.
LaTeX Font Info:    Checking defaults for OMS/cmsy/m/n on input line 9.
LaTeX Font Info:    ... okay on input line 9.
LaTeX Font Info:    Checking defaults for OMX/cmex/m/n on input line 9.
LaTeX Font Info:    ... okay on input line 9.
LaTeX Font Info:    Checking defaults for U/cmr/m/n on input line 9.
LaTeX Font Info:    ... okay on input line 9.
LaTeX Font Info:    Checking defaults for PD1/pdf/m/n on input line 9.
LaTeX Font Info:    ... okay on input line 9.

*geometry* driver: auto-detecting
*geometry* detected driver: pdftex
*geometry* verbose mode - [ preamble ] result:
* driver: pdftex
* paper: a4paper
* layout: <same size as paper>
* layoutoffset:(h,v)=(0.0pt,0.0pt)
* modes: 
* h-part:(L,W,R)=(89.62709pt, 418.25368pt, 89.6271pt)
* v-part:(T,H,B)=(101.40665pt, 591.5302pt, 152.11pt)
* \paperwidth=597.50787pt
* \paperheight=845.04684pt
* \textwidth=418.25368pt
* \textheight=591.5302pt
* \oddsidemargin=17.3571pt
* \evensidemargin=17.3571pt
* \topmargin=-7.86334pt
* \headheight=12.0pt
* \headsep=25.0pt
* \topskip=12.0pt
* \footskip=30.0pt
* \marginparwidth=44.0pt
* \marginparsep=10.0pt
* \columnsep=10.0pt
* \skip\footins=10.8pt plus 4.0pt minus 2.0pt
* \hoffset=0.0pt
* \voffset=0.0pt
* \mag=1000
* \@twocolumnfalse
* \@twosidefalse
* \@mparswitchfalse
* \@reversemarginfalse
* (1in=72.27pt=25.4mm, 1cm=28.453pt)

(/usr/share/texlive/texmf-dist/tex/context/base/mkii/supp-pdf.mkii
[Loading MPS to PDF converter (version 2006.09.02).]
\scratchcounter=\count196
\scratchdimen=\dimen153
\scratchbox=\box32
\nofMPsegments=\count197
\nofMParguments=\count198
\everyMPshowfont=\toks55
\MPscratchCnt=\count199
\MPscratchDim=\dimen154
\MPnumerator=\count266
\makeMPintoPDFobject=\count267
\everyMPtoPDFconversion=\toks56
)
Package caption Info: Begin \AtBeginDocument code.
Package caption Info: subfig package v1.3 is loaded.
Package caption Info: hyperref package is loaded.
Package caption Info: listings package is loaded.
Package caption Info: End \AtBeginDocument code.
\AtBeginShipoutBox=\box33
Package hyperref Info: Link coloring OFF on input line 9.
 (/usr/share/texlive/texmf-dist/tex/latex/hyperref/nameref.sty
Package: nameref 2016/05/21 v2.44 Cross-referencing by name of section

(/usr/share/texlive/texmf-dist/tex/generic/oberdiek/gettitlestring.sty
Package: gettitlestring 2016/05/16 v1.5 Cleanup title references (HO)
)
\c@section@level=\count268
)
LaTeX Info: Redefining \ref on input line 9.
LaTeX Info: Redefining \pageref on input line 9.
LaTeX Info: Redefining \nameref on input line 9.

(./main.out) (./main.out)
\@outlinefile=\write4
\openout4 = `main.out'.

\c@lstlisting=\count269
LaTeX Font Info:    Try loading font information for U+msa on input line 11.

(/usr/share/texlive/texmf-dist/tex/latex/amsfonts/umsa.fd
File: umsa.fd 2013/01/14 v3.01 AMS symbols A
)
LaTeX Font Info:    Try loading font information for U+msb on input line 11.

(/usr/share/texlive/texmf-dist/tex/latex/amsfonts/umsb.fd
File: umsb.fd 2013/01/14 v3.01 AMS symbols B
)

LaTeX Warning: No \author given.

(./main.toc [1

{/var/lib/texmf/fonts/map/pdftex/updmap/pdftex.map}])
\tf@toc=\write5
\openout5 = `main.toc'.

 [2]
(./data_structure.tex
<Graphics/synchronization.pdf, id=181, 2337.05617pt x 884.68083pt>
File: Graphics/synchronization.pdf Graphic file (type pdf)

<use Graphics/synchronization.pdf>
Package pdftex.def Info: Graphics/synchronization.pdf used on input line 6.
(pdftex.def)             Requested size: 418.25368pt x 158.31773pt.

<Graphics/data_structure_schematic.pdf, id=183, 944.76988pt x 435.47394pt>
File: Graphics/data_structure_schematic.pdf Graphic file (type pdf)

<use Graphics/data_structure_schematic.pdf>
Package pdftex.def Info: Graphics/data_structure_schematic.pdf used on input li
ne 22.
(pdftex.def)             Requested size: 376.42575pt x 173.50871pt.


LaTeX Warning: `h' float specifier changed to `ht'.

[3 <./Graphics/synchronization.pdf>]) (./metadata_structure.tex [4 <./Graphics/
data_structure_schematic.pdf>]
LaTeX Font Info:    Try loading font information for OMS+cmr on input line 22.

(/usr/share/texlive/texmf-dist/tex/latex/base/omscmr.fd
File: omscmr.fd 2014/09/29 v2.5h Standard LaTeX font definitions
)
LaTeX Font Info:    Font shape `OMS/cmr/m/n' in size <12> not available
(Font)              Font shape `OMS/cmsy/m/n' tried instead on input line 22.
 [5]) (./data_flow.tex
<Graphics/data_flow.pdf, id=243, 2748.77036pt x 884.6809pt>
File: Graphics/data_flow.pdf Graphic file (type pdf)

<use Graphics/data_flow.pdf>
Package pdftex.def Info: Graphics/data_flow.pdf used on input line 6.
(pdftex.def)             Requested size: 418.25368pt x 134.61328pt.
) (./package.tex [6 <./Graphics/data_flow.pdf>]
(./package_IO.tex [7]) (./package_correct.tex [8]

LaTeX Warning: Reference `coor_sys' on page 9 undefined on input line 4.


Overfull \hbox (93.31093pt too wide) in paragraph at lines 3--5
\OT1/cmr/m/n/12 datafile whether a cer-tain cor-rec-tion has al-ready been per-
formed, in the \OT1/cmr/m/it/12 exp[]name.h.det[]name.corr[]log
 []

Package epstopdf Info: Source file: <Graphics/coordinate_system.eps>
(epstopdf)                    date: 2016-09-04 13:19:57
(epstopdf)                    size: 25551 bytes
(epstopdf)             Output file: <Graphics/coordinate_system-eps-converted-t
o.pdf>
(epstopdf)                    date: 2016-09-04 13:20:26
(epstopdf)                    size: 12585 bytes
(epstopdf)             Command: <repstopdf --outfile=Graphics/coordinate_system
-eps-converted-to.pdf Graphics/coordinate_system.eps>
(epstopdf)             \includegraphics on input line 8.
Package epstopdf Info: Output file is already uptodate.

<Graphics/coordinate_system-eps-converted-to.pdf, id=295, 405.515pt x 525.965pt
>
File: Graphics/coordinate_system-eps-converted-to.pdf Graphic file (type pdf)
 <use Graphics/coordinate_system-eps-converted-to.pdf>
Package pdftex.def Info: Graphics/coordinate_system-eps-converted-to.pdf used o
n input line 8.
(pdftex.def)             Requested size: 209.12683pt x 271.24818pt.
Package epstopdf Info: Source file: <Graphics/centre_calibration_before.eps>
(epstopdf)                    date: 2015-12-25 12:39:27
(epstopdf)                    size: 115297 bytes
(epstopdf)             Output file: <Graphics/centre_calibration_before-eps-con
verted-to.pdf>
(epstopdf)                    date: 2015-12-25 12:41:23
(epstopdf)                    size: 26391 bytes
(epstopdf)             Command: <repstopdf --outfile=Graphics/centre_calibratio
n_before-eps-converted-to.pdf Graphics/centre_calibration_before.eps>
(epstopdf)             \includegraphics on input line 19.
Package epstopdf Info: Output file is already uptodate.

<Graphics/centre_calibration_before-eps-converted-to.pdf, id=296, 610.28pt x 60
4.2575pt>
File: Graphics/centre_calibration_before-eps-converted-to.pdf Graphic file (typ
e pdf)
 <use Graphics/centre_calibration_before-eps-converted-to.pdf>
Package pdftex.def Info: Graphics/centre_calibration_before-eps-converted-to.pd
f used on input line 19.
(pdftex.def)             Requested size: 209.12683pt x 207.05836pt.
Package epstopdf Info: Source file: <Graphics/centre_calibration_after.eps>
(epstopdf)                    date: 2015-12-25 12:38:35
(epstopdf)                    size: 111474 bytes
(epstopdf)             Output file: <Graphics/centre_calibration_after-eps-conv
erted-to.pdf>
(epstopdf)                    date: 2015-12-25 12:45:27
(epstopdf)                    size: 25629 bytes
(epstopdf)             Command: <repstopdf --outfile=Graphics/centre_calibratio
n_after-eps-converted-to.pdf Graphics/centre_calibration_after.eps>
(epstopdf)             \includegraphics on input line 25.
Package epstopdf Info: Output file is already uptodate.

<Graphics/centre_calibration_after-eps-converted-to.pdf, id=297, 610.28pt x 604
.2575pt>
File: Graphics/centre_calibration_after-eps-converted-to.pdf Graphic file (type
 pdf)
 <use Graphics/centre_calibration_after-eps-converted-to.pdf>
Package pdftex.def Info: Graphics/centre_calibration_after-eps-converted-to.pdf
 used on input line 25.
(pdftex.def)             Requested size: 209.12683pt x 207.05836pt.

Underfull \hbox (badness 10000) in paragraph at lines 32--34

 []

[9 <./Graphics/coordinate_system-eps-converted-to.pdf>]

LaTeX Warning: Reference `centre_calibration_after' on page 10 undefined on inp
ut line 41.

Package epstopdf Info: Source file: <Graphics/rotation_after.eps>
(epstopdf)                    date: 2015-12-26 10:59:18
(epstopdf)                    size: 1091524 bytes
(epstopdf)             Output file: <Graphics/rotation_after-eps-converted-to.p
df>
(epstopdf)                    date: 2015-12-26 11:11:39
(epstopdf)                    size: 71736 bytes
(epstopdf)             Command: <repstopdf --outfile=Graphics/rotation_after-ep
s-converted-to.pdf Graphics/rotation_after.eps>
(epstopdf)             \includegraphics on input line 45.
Package epstopdf Info: Output file is already uptodate.
<Graphics/rotation_after-eps-converted-to.pdf, id=321, 602.25pt x 602.25pt>
File: Graphics/rotation_after-eps-converted-to.pdf Graphic file (type pdf)

<use Graphics/rotation_after-eps-converted-to.pdf>
Package pdftex.def Info: Graphics/rotation_after-eps-converted-to.pdf used on i
nput line 45.
(pdftex.def)             Requested size: 209.12683pt x 209.12733pt.


LaTeX Warning: `h' float specifier changed to `ht'.


Underfull \hbox (badness 10000) in paragraph at lines 51--53

 []


Underfull \hbox (badness 10000) in paragraph at lines 62--64

 []

[10 <./Graphics/centre_calibration_before-eps-converted-to.pdf> <./Graphics/cen
tre_calibration_after-eps-converted-to.pdf>]
<Graphics/detector_abberation_ray_traces.png, id=344, 942.52126pt x 773.89125pt
>
File: Graphics/detector_abberation_ray_traces.png Graphic file (type png)
 <use Graphics/detector_abberation_ray_traces.png>
Package pdftex.def Info: Graphics/detector_abberation_ray_traces.png used on in
put line 76.
(pdftex.def)             Requested size: 209.12683pt x 171.70906pt.


LaTeX Warning: `h' float specifier changed to `ht'.

[11 <./Graphics/rotation_after-eps-converted-to.pdf>] [12 <./Graphics/detector_
abberation_ray_traces.png>]
Package epstopdf Info: Source file: <Graphics/dTOF_vs_dV_dT_-8_-4_-2kV.eps>
(epstopdf)                    date: 2016-01-08 19:12:06
(epstopdf)                    size: 253400 bytes
(epstopdf)             Output file: <Graphics/dTOF_vs_dV_dT_-8_-4_-2kV-eps-conv
erted-to.pdf>
(epstopdf)                    date: 2016-01-08 19:12:13
(epstopdf)                    size: 12935 bytes
(epstopdf)             Command: <repstopdf --outfile=Graphics/dTOF_vs_dV_dT_-8_
-4_-2kV-eps-converted-to.pdf Graphics/dTOF_vs_dV_dT_-8_-4_-2kV.eps>
(epstopdf)             \includegraphics on input line 108.
Package epstopdf Info: Output file is already uptodate.

<Graphics/dTOF_vs_dV_dT_-8_-4_-2kV-eps-converted-to.pdf, id=376, 559.08875pt x 
264.99pt>
File: Graphics/dTOF_vs_dV_dT_-8_-4_-2kV-eps-converted-to.pdf Graphic file (type
 pdf)
 <use Graphics/dTOF_vs_dV_dT_-8_-4_-2kV-eps-converted-to.pdf>
Package pdftex.def Info: Graphics/dTOF_vs_dV_dT_-8_-4_-2kV-eps-converted-to.pdf
 used on input line 108.
(pdftex.def)             Requested size: 376.42575pt x 178.4198pt.
 [13 <./Graphics/dTOF_vs_dV_dT_-8_-4_-2kV-eps-converted-to.pdf>]
Package epstopdf Info: Source file: <Graphics/dTOF_dR_nd.eps>
(epstopdf)                    date: 2016-01-12 19:19:17
(epstopdf)                    size: 243026 bytes
(epstopdf)             Output file: <Graphics/dTOF_dR_nd-eps-converted-to.pdf>
(epstopdf)                    date: 2016-01-12 19:19:25
(epstopdf)                    size: 11896 bytes
(epstopdf)             Command: <repstopdf --outfile=Graphics/dTOF_dR_nd-eps-co
nverted-to.pdf Graphics/dTOF_dR_nd.eps>
(epstopdf)             \includegraphics on input line 125.
Package epstopdf Info: Output file is already uptodate.

<Graphics/dTOF_dR_nd-eps-converted-to.pdf, id=402, 352.31625pt x 325.215pt>
File: Graphics/dTOF_dR_nd-eps-converted-to.pdf Graphic file (type pdf)

<use Graphics/dTOF_dR_nd-eps-converted-to.pdf>
Package pdftex.def Info: Graphics/dTOF_dR_nd-eps-converted-to.pdf used on input
 line 125.
(pdftex.def)             Requested size: 376.42575pt x 347.47044pt.
 [14 <./Graphics/dTOF_dR_nd-eps-converted-to.pdf>]
Package epstopdf Info: Source file: <Graphics/Radius_correction_det_abb.eps>
(epstopdf)                    date: 2016-01-12 19:16:37
(epstopdf)                    size: 243808 bytes
(epstopdf)             Output file: <Graphics/Radius_correction_det_abb-eps-con
verted-to.pdf>
(epstopdf)                    date: 2016-01-12 19:19:27
(epstopdf)                    size: 11751 bytes
(epstopdf)             Command: <repstopdf --outfile=Graphics/Radius_correction
_det_abb-eps-converted-to.pdf Graphics/Radius_correction_det_abb.eps>
(epstopdf)             \includegraphics on input line 148.
Package epstopdf Info: Output file is already uptodate.

<Graphics/Radius_correction_det_abb-eps-converted-to.pdf, id=427, 335.2525pt x 
277.035pt>
File: Graphics/Radius_correction_det_abb-eps-converted-to.pdf Graphic file (typ
e pdf)
 <use Graphics/Radius_correction_det_abb-eps-converted-to.pdf>
Package pdftex.def Info: Graphics/Radius_correction_det_abb-eps-converted-to.pd
f used on input line 148.
(pdftex.def)             Requested size: 250.95476pt x 207.37415pt.
Package epstopdf Info: Source file: <Graphics/SIMION_det_corr_both.eps>
(epstopdf)                    date: 2016-01-21 10:09:14
(epstopdf)                    size: 716444 bytes
(epstopdf)             Output file: <Graphics/SIMION_det_corr_both-eps-converte
d-to.pdf>
(epstopdf)                    date: 2016-01-21 10:09:37
(epstopdf)                    size: 29305 bytes
(epstopdf)             Command: <repstopdf --outfile=Graphics/SIMION_det_corr_b
oth-eps-converted-to.pdf Graphics/SIMION_det_corr_both.eps>
(epstopdf)             \includegraphics on input line 155.
Package epstopdf Info: Output file is already uptodate.

<Graphics/SIMION_det_corr_both-eps-converted-to.pdf, id=428, 595.22375pt x 456.
70625pt>
File: Graphics/SIMION_det_corr_both-eps-converted-to.pdf Graphic file (type pdf
)
 <use Graphics/SIMION_det_corr_both-eps-converted-to.pdf>
Package pdftex.def Info: Graphics/SIMION_det_corr_both-eps-converted-to.pdf use
d on input line 155.
(pdftex.def)             Requested size: 334.60422pt x 256.73634pt.


LaTeX Warning: `h' float specifier changed to `ht'.


Underfull \hbox (badness 10000) in paragraph at lines 161--163

 []

[15 <./Graphics/Radius_correction_det_abb-eps-converted-to.pdf>] [16 <./Graphic
s/SIMION_det_corr_both-eps-converted-to.pdf>]
Package epstopdf Info: Source file: <Graphics/lens_dTOF_vs_dV_dT_-8_-4_-2kV.eps
>
(epstopdf)                    date: 2016-01-21 14:57:58
(epstopdf)                    size: 250341 bytes
(epstopdf)             Output file: <Graphics/lens_dTOF_vs_dV_dT_-8_-4_-2kV-eps
-converted-to.pdf>
(epstopdf)                    date: 2016-01-21 14:58:06
(epstopdf)                    size: 13160 bytes
(epstopdf)             Command: <repstopdf --outfile=Graphics/lens_dTOF_vs_dV_d
T_-8_-4_-2kV-eps-converted-to.pdf Graphics/lens_dTOF_vs_dV_dT_-8_-4_-2kV.eps>
(epstopdf)             \includegraphics on input line 188.
Package epstopdf Info: Output file is already uptodate.

<Graphics/lens_dTOF_vs_dV_dT_-8_-4_-2kV-eps-converted-to.pdf, id=487, 567.11874
pt x 266.9975pt>
File: Graphics/lens_dTOF_vs_dV_dT_-8_-4_-2kV-eps-converted-to.pdf Graphic file 
(type pdf)

<use Graphics/lens_dTOF_vs_dV_dT_-8_-4_-2kV-eps-converted-to.pdf>
Package pdftex.def Info: Graphics/lens_dTOF_vs_dV_dT_-8_-4_-2kV-eps-converted-t
o.pdf used on input line 188.
(pdftex.def)             Requested size: 334.60422pt x 157.5353pt.
 [17 <./Graphics/lens_dTOF_vs_dV_dT_-8_-4_-2kV-eps-converted-to.pdf>]
Package epstopdf Info: Source file: <Graphics/dR_correction_fit.eps>
(epstopdf)                    date: 2016-01-21 17:51:14
(epstopdf)                    size: 246126 bytes
(epstopdf)             Output file: <Graphics/dR_correction_fit-eps-converted-t
o.pdf>
(epstopdf)                    date: 2016-01-21 17:55:53
(epstopdf)                    size: 9947 bytes
(epstopdf)             Command: <repstopdf --outfile=Graphics/dR_correction_fit
-eps-converted-to.pdf Graphics/dR_correction_fit.eps>
(epstopdf)             \includegraphics on input line 220.
Package epstopdf Info: Output file is already uptodate.

<Graphics/dR_correction_fit-eps-converted-to.pdf, id=514, 317.185pt x 295.1025p
t>
File: Graphics/dR_correction_fit-eps-converted-to.pdf Graphic file (type pdf)
 <use Graphics/dR_correction_fit-eps-converted-to.pdf>
Package pdftex.def Info: Graphics/dR_correction_fit-eps-converted-to.pdf used o
n input line 220.
(pdftex.def)             Requested size: 334.60422pt x 311.33469pt.
Package epstopdf Info: Source file: <Graphics/SIMION_lens_corr_both.eps>
(epstopdf)                    date: 2016-01-21 18:10:30
(epstopdf)                    size: 841584 bytes
(epstopdf)             Output file: <Graphics/SIMION_lens_corr_both-eps-convert
ed-to.pdf>
(epstopdf)                    date: 2016-01-21 18:10:40
(epstopdf)                    size: 29467 bytes
(epstopdf)             Command: <repstopdf --outfile=Graphics/SIMION_lens_corr_
both-eps-converted-to.pdf Graphics/SIMION_lens_corr_both.eps>
(epstopdf)             \includegraphics on input line 227.
Package epstopdf Info: Output file is already uptodate.

<Graphics/SIMION_lens_corr_both-eps-converted-to.pdf, id=515, 602.25pt x 602.25
pt>
File: Graphics/SIMION_lens_corr_both-eps-converted-to.pdf Graphic file (type pd
f)
 <use Graphics/SIMION_lens_corr_both-eps-converted-to.pdf>
Package pdftex.def Info: Graphics/SIMION_lens_corr_both-eps-converted-to.pdf us
ed on input line 227.
(pdftex.def)             Requested size: 334.60422pt x 334.62029pt.


LaTeX Warning: `h' float specifier changed to `ht'.

) (./package_convert.tex [18 <./Graphics/dR_correction_fit-eps-converted-to.pdf
>]

Package hyperref Warning: Token not allowed in a PDF string (PDFDocEncoding):
(hyperref)                removing `math shift' on input line 4.


Package hyperref Warning: Token not allowed in a PDF string (PDFDocEncoding):
(hyperref)                removing `\rightarrow' on input line 4.


Package hyperref Warning: Token not allowed in a PDF string (PDFDocEncoding):
(hyperref)                removing `math shift' on input line 4.

[19 <./Graphics/SIMION_lens_corr_both-eps-converted-to.pdf>]

LaTeX Warning: File `Graphics/M2Q_labeling_C2_circle_example.eps' not found on 
input line 22.

Package epstopdf Info: Source file: <Graphics/M2Q_labeling_C2_circle_example.ep
s>
(epstopdf)             Output file: <Graphics/M2Q_labeling_C2_circle_example-ep
s-converted-to.pdf>
(epstopdf)                    date: 2016-11-21 12:22:30
(epstopdf)                    size: 163995 bytes
(epstopdf)             Command: <repstopdf --outfile=Graphics/M2Q_labeling_C2_c
ircle_example-eps-converted-to.pdf Graphics/M2Q_labeling_C2_circle_example.eps>

(epstopdf)             \includegraphics on input line 22.
Package epstopdf Info: Output file is already uptodate.

<Graphics/M2Q_labeling_C2_circle_example-eps-converted-to.pdf, id=565, 722.7pt 
x 335.2525pt>
File: Graphics/M2Q_labeling_C2_circle_example-eps-converted-to.pdf Graphic file
 (type pdf)

<use Graphics/M2Q_labeling_C2_circle_example-eps-converted-to.pdf>
Package pdftex.def Info: Graphics/M2Q_labeling_C2_circle_example-eps-converted-
to.pdf used on input line 22.
(pdftex.def)             Requested size: 376.42575pt x 174.61877pt.
 [20 <./Graphics/M2Q_labeling_C2_circle_example-eps-converted-to.pdf>]
Package epstopdf Info: Source file: <Graphics/M2Q_labeling_C2_line_example.eps>

(epstopdf)                    date: 2016-11-21 12:24:20
(epstopdf)                    size: 24780 bytes
(epstopdf)             Output file: <Graphics/M2Q_labeling_C2_line_example-eps-
converted-to.pdf>
(epstopdf)                    date: 2016-11-21 12:24:23
(epstopdf)                    size: 11766 bytes
(epstopdf)             Command: <repstopdf --outfile=Graphics/M2Q_labeling_C2_l
ine_example-eps-converted-to.pdf Graphics/M2Q_labeling_C2_line_example.eps>
(epstopdf)             \includegraphics on input line 32.
Package epstopdf Info: Output file is already uptodate.

<Graphics/M2Q_labeling_C2_line_example-eps-converted-to.pdf, id=583, 348.30125p
t x 281.05pt>
File: Graphics/M2Q_labeling_C2_line_example-eps-converted-to.pdf Graphic file (
type pdf)
 <use Graphics/M2Q_labeling_C2_line_example-eps-converted-to.pdf>
Package pdftex.def Info: Graphics/M2Q_labeling_C2_line_example-eps-converted-to
.pdf used on input line 32.
(pdftex.def)             Requested size: 209.12683pt x 168.74707pt.

Underfull \hbox (badness 10000) in paragraph at lines 38--39

 []

Package epstopdf Info: Source file: <Graphics/BR_1D.eps>
(epstopdf)                    date: 2016-02-29 13:41:50
(epstopdf)                    size: 166176 bytes
(epstopdf)             Output file: <Graphics/BR_1D-eps-converted-to.pdf>
(epstopdf)                    date: 2016-02-29 13:41:59
(epstopdf)                    size: 9323 bytes
(epstopdf)             Command: <repstopdf --outfile=Graphics/BR_1D-eps-convert
ed-to.pdf Graphics/BR_1D.eps>
(epstopdf)             \includegraphics on input line 46.
Package epstopdf Info: Output file is already uptodate.
<Graphics/BR_1D-eps-converted-to.pdf, id=585, 848.16875pt x 333.245pt>
File: Graphics/BR_1D-eps-converted-to.pdf Graphic file (type pdf)

<use Graphics/BR_1D-eps-converted-to.pdf>
Package pdftex.def Info: Graphics/BR_1D-eps-converted-to.pdf used on input line
 46.
(pdftex.def)             Requested size: 376.42575pt x 147.89438pt.
 [21 <./Graphics/M2Q_labeling_C2_line_example-eps-converted-to.pdf>]
Package epstopdf Info: Source file: <Graphics/BR_2D.eps>
(epstopdf)                    date: 2016-02-29 14:43:50
(epstopdf)                    size: 136637 bytes
(epstopdf)             Output file: <Graphics/BR_2D-eps-converted-to.pdf>
(epstopdf)                    date: 2016-02-29 14:44:00
(epstopdf)                    size: 15045 bytes
(epstopdf)             Command: <repstopdf --outfile=Graphics/BR_2D-eps-convert
ed-to.pdf Graphics/BR_2D.eps>
(epstopdf)             \includegraphics on input line 56.
Package epstopdf Info: Output file is already uptodate.

<Graphics/BR_2D-eps-converted-to.pdf, id=601, 602.25pt x 602.25pt>
File: Graphics/BR_2D-eps-converted-to.pdf Graphic file (type pdf)

<use Graphics/BR_2D-eps-converted-to.pdf>
Package pdftex.def Info: Graphics/BR_2D-eps-converted-to.pdf used on input line
 56.
(pdftex.def)             Requested size: 250.95476pt x 250.95831pt.
 [22 <./Graphics/BR_1D-eps-converted-to.pdf>] (./Graphics/momentum_subtraction.
pdf_tex
<Graphics/momentum_subtraction.pdf, id=620, 637.72353pt x 307.60487pt>
File: Graphics/momentum_subtraction.pdf Graphic file (type pdf)

<use Graphics/momentum_subtraction.pdf>
Package pdftex.def Info: Graphics/momentum_subtraction.pdf used on input line 5
2.
(pdftex.def)             Requested size: 200.0pt x 96.46892pt.
) [23 <./Graphics/BR_2D-eps-converted-to.pdf> <./Graphics/momentum_subtraction.
pdf>]
Package epstopdf Info: Source file: <Graphics/p_0_subtraction_before.eps>
(epstopdf)                    date: 2016-05-30 12:31:43
(epstopdf)                    size: 104377 bytes
(epstopdf)             Output file: <Graphics/p_0_subtraction_before-eps-conver
ted-to.pdf>
(epstopdf)                    date: 2016-05-30 12:31:50
(epstopdf)                    size: 12786 bytes
(epstopdf)             Command: <repstopdf --outfile=Graphics/p_0_subtraction_b
efore-eps-converted-to.pdf Graphics/p_0_subtraction_before.eps>
(epstopdf)             \includegraphics on input line 84.
Package epstopdf Info: Output file is already uptodate.

<Graphics/p_0_subtraction_before-eps-converted-to.pdf, id=1469, 449.68pt x 349.
305pt>
File: Graphics/p_0_subtraction_before-eps-converted-to.pdf Graphic file (type p
df)
 <use Graphics/p_0_subtraction_before-eps-converted-to.pdf>
Package pdftex.def Info: Graphics/p_0_subtraction_before-eps-converted-to.pdf u
sed on input line 84.
(pdftex.def)             Requested size: 376.42575pt x 292.41216pt.
 [24 <./Graphics/p_0_subtraction_before-eps-converted-to.pdf>]
Package epstopdf Info: Source file: <Graphics/pxpy_hist.eps>
(epstopdf)                    date: 2016-01-05 21:46:49
(epstopdf)                    size: 417383 bytes
(epstopdf)             Output file: <Graphics/pxpy_hist-eps-converted-to.pdf>
(epstopdf)                    date: 2016-01-05 21:46:57
(epstopdf)                    size: 23652 bytes
(epstopdf)             Command: <repstopdf --outfile=Graphics/pxpy_hist-eps-con
verted-to.pdf Graphics/pxpy_hist.eps>
(epstopdf)             \includegraphics on input line 115.
Package epstopdf Info: Output file is already uptodate.

<Graphics/pxpy_hist-eps-converted-to.pdf, id=1485, 257.96375pt x 510.90875pt>
File: Graphics/pxpy_hist-eps-converted-to.pdf Graphic file (type pdf)

<use Graphics/pxpy_hist-eps-converted-to.pdf>
Package pdftex.def Info: Graphics/pxpy_hist-eps-converted-to.pdf used on input 
line 115.
(pdftex.def)             Requested size: 167.2989pt x 331.35394pt.
 [25]
Package epstopdf Info: Source file: <Graphics/KER_dummy_data_beta_2.eps>
(epstopdf)                    date: 2016-01-07 18:03:52
(epstopdf)                    size: 2928891 bytes
(epstopdf)             Output file: <Graphics/KER_dummy_data_beta_2-eps-convert
ed-to.pdf>
(epstopdf)                    date: 2016-01-07 18:17:11
(epstopdf)                    size: 75135 bytes
(epstopdf)             Command: <repstopdf --outfile=Graphics/KER_dummy_data_be
ta_2-eps-converted-to.pdf Graphics/KER_dummy_data_beta_2.eps>
(epstopdf)             \includegraphics on input line 130.
Package epstopdf Info: Output file is already uptodate.

<Graphics/KER_dummy_data_beta_2-eps-converted-to.pdf, id=1495, 844.15375pt x 30
3.1325pt>
File: Graphics/KER_dummy_data_beta_2-eps-converted-to.pdf Graphic file (type pd
f)
 <use Graphics/KER_dummy_data_beta_2-eps-converted-to.pdf>
Package pdftex.def Info: Graphics/KER_dummy_data_beta_2-eps-converted-to.pdf us
ed on input line 130.
(pdftex.def)             Requested size: 292.77629pt x 105.13586pt.
Package epstopdf Info: Source file: <Graphics/KER_dummy_data_beta_0.eps>
(epstopdf)                    date: 2016-01-07 18:05:00
(epstopdf)                    size: 2929334 bytes
(epstopdf)             Output file: <Graphics/KER_dummy_data_beta_0-eps-convert
ed-to.pdf>
(epstopdf)                    date: 2016-01-07 18:17:40
(epstopdf)                    size: 155421 bytes
(epstopdf)             Command: <repstopdf --outfile=Graphics/KER_dummy_data_be
ta_0-eps-converted-to.pdf Graphics/KER_dummy_data_beta_0.eps>
(epstopdf)             \includegraphics on input line 132.
Package epstopdf Info: Output file is already uptodate.

<Graphics/KER_dummy_data_beta_0-eps-converted-to.pdf, id=1496, 844.15375pt x 30
3.1325pt>
File: Graphics/KER_dummy_data_beta_0-eps-converted-to.pdf Graphic file (type pd
f)
 <use Graphics/KER_dummy_data_beta_0-eps-converted-to.pdf>
Package pdftex.def Info: Graphics/KER_dummy_data_beta_0-eps-converted-to.pdf us
ed on input line 132.
(pdftex.def)             Requested size: 292.77629pt x 105.13586pt.
Package epstopdf Info: Source file: <Graphics/KER_dummy_data_beta_-1.eps>
(epstopdf)                    date: 2016-01-07 18:06:03
(epstopdf)                    size: 2929030 bytes
(epstopdf)             Output file: <Graphics/KER_dummy_data_beta_-1-eps-conver
ted-to.pdf>
(epstopdf)                    date: 2016-01-07 18:17:51
(epstopdf)                    size: 126247 bytes
(epstopdf)             Command: <repstopdf --outfile=Graphics/KER_dummy_data_be
ta_-1-eps-converted-to.pdf Graphics/KER_dummy_data_beta_-1.eps>
(epstopdf)             \includegraphics on input line 134.
Package epstopdf Info: Output file is already uptodate.

<Graphics/KER_dummy_data_beta_-1-eps-converted-to.pdf, id=1497, 844.15375pt x 3
03.1325pt>
File: Graphics/KER_dummy_data_beta_-1-eps-converted-to.pdf Graphic file (type p
df)
 <use Graphics/KER_dummy_data_beta_-1-eps-converted-to.pdf>
Package pdftex.def Info: Graphics/KER_dummy_data_beta_-1-eps-converted-to.pdf u
sed on input line 134.
(pdftex.def)             Requested size: 292.77629pt x 105.13586pt.
 [26 <./Graphics/pxpy_hist-eps-converted-to.pdf>] (./Graphics/mutual_angles.pdf
_tex
<Graphics/mutual_angles.pdf, id=1522, 778.86449pt x 688.957pt>
File: Graphics/mutual_angles.pdf Graphic file (type pdf)

<use Graphics/mutual_angles.pdf>
Package pdftex.def Info: Graphics/mutual_angles.pdf used on input line 52.
(pdftex.def)             Requested size: 200.0pt x 176.90643pt.
) [27 <./Graphics/KER_dummy_data_beta_2-eps-converted-to.pdf> <./Graphics/KER_d
ummy_data_beta_0-eps-converted-to.pdf> <./Graphics/KER_dummy_data_beta_-1-eps-c
onverted-to.pdf>]

Package hyperref Warning: Token not allowed in a PDF string (PDFDocEncoding):
(hyperref)                removing `math shift' on input line 151.


Package hyperref Warning: Token not allowed in a PDF string (PDFDocEncoding):
(hyperref)                removing `\beta' on input line 151.


Package hyperref Warning: Token not allowed in a PDF string (PDFDocEncoding):
(hyperref)                removing `math shift' on input line 151.


Overfull \hbox (10.15266pt too wide) in paragraph at lines 176--176
[] 
 []

[28 <./Graphics/mutual_angles.pdf>]
Package epstopdf Info: Source file: <Graphics/dZ_vs_dTOF_Laksman.eps>
(epstopdf)                    date: 2016-07-08 13:10:48
(epstopdf)                    size: 573093 bytes
(epstopdf)             Output file: <Graphics/dZ_vs_dTOF_Laksman-eps-converted-
to.pdf>
(epstopdf)                    date: 2016-07-08 13:16:39
(epstopdf)                    size: 113240 bytes
(epstopdf)             Command: <repstopdf --outfile=Graphics/dZ_vs_dTOF_Laksma
n-eps-converted-to.pdf Graphics/dZ_vs_dTOF_Laksman.eps>
(epstopdf)             \includegraphics on input line 194.
Package epstopdf Info: Output file is already uptodate.

<Graphics/dZ_vs_dTOF_Laksman-eps-converted-to.pdf, id=1606, 558.085pt x 280.046
25pt>
File: Graphics/dZ_vs_dTOF_Laksman-eps-converted-to.pdf Graphic file (type pdf)
 <use Graphics/dZ_vs_dTOF_Laksman-eps-converted-to.pdf>
Package pdftex.def Info: Graphics/dZ_vs_dTOF_Laksman-eps-converted-to.pdf used 
on input line 194.
(pdftex.def)             Requested size: 334.60422pt x 167.90938pt.
 [29 <./Graphics/dZ_vs_dTOF_Laksman-eps-converted-to.pdf>]
Overfull \hbox (64.3847pt too wide) in paragraph at lines 226--241
[][] 
 []

) (./package_filter.tex [30]
Overfull \hbox (1.75836pt too wide) in paragraph at lines 23--24
[]\OT1/cmr/m/it/12 filter[]array[]3 = fil-ter[]array[]1 && fil-ter[]array[]2 \O
T1/cmr/m/n/12 if both fil-ter con-di-tions should
 []

LaTeX Font Info:    Font shape `OMS/cmr/m/it' in size <12> not available
(Font)              Font shape `OMS/cmsy/m/n' tried instead on input line 24.
<Graphics/Filter_event2hit.pdf, id=1646, 765.824pt x 418.98682pt>
File: Graphics/Filter_event2hit.pdf Graphic file (type pdf)

<use Graphics/Filter_event2hit.pdf>
Package pdftex.def Info: Graphics/Filter_event2hit.pdf used on input line 34.
(pdftex.def)             Requested size: 376.42575pt x 205.94466pt.


LaTeX Warning: `h' float specifier changed to `ht'.

<Graphics/Filter_hit2event.pdf, id=1647, 750.65442pt x 418.98682pt>
File: Graphics/Filter_hit2event.pdf Graphic file (type pdf)

<use Graphics/Filter_hit2event.pdf>
Package pdftex.def Info: Graphics/Filter_hit2event.pdf used on input line 41.
(pdftex.def)             Requested size: 376.42575pt x 210.11304pt.


LaTeX Warning: `h' float specifier changed to `ht'.

) (./package_plot.tex [31]
Package epstopdf Info: Source file: <Graphics/m2q_hist_example.eps>
(epstopdf)                    date: 2016-01-05 16:59:56
(epstopdf)                    size: 159337 bytes
(epstopdf)             Output file: <Graphics/m2q_hist_example-eps-converted-to
.pdf>
(epstopdf)                    date: 2016-01-05 21:36:46
(epstopdf)                    size: 26977 bytes
(epstopdf)             Command: <repstopdf --outfile=Graphics/m2q_hist_example-
eps-converted-to.pdf Graphics/m2q_hist_example.eps>
(epstopdf)             \includegraphics on input line 9.
Package epstopdf Info: Output file is already uptodate.

<Graphics/m2q_hist_example-eps-converted-to.pdf, id=1654, 602.25pt x 602.25pt>
File: Graphics/m2q_hist_example-eps-converted-to.pdf Graphic file (type pdf)

<use Graphics/m2q_hist_example-eps-converted-to.pdf>
Package pdftex.def Info: Graphics/m2q_hist_example-eps-converted-to.pdf used on
 input line 9.
(pdftex.def)             Requested size: 376.42575pt x 376.44208pt.


LaTeX Warning: `h' float specifier changed to `ht'.

) (./package_calibrate.tex [32 <./Graphics/Filter_event2hit.pdf>] [33 <./Graphi
cs/Filter_hit2event.pdf>]
Overfull \hbox (1.31308pt too wide) in paragraph at lines 24--25
[]\OT1/cmr/m/n/12 conv.det1.TOF[]2[]M2Q.factor (Con-ver-sion fac-tor from mass 
2 charge to TOF) 
 []

) (./package_general.tex [34])) (./diagnostics.tex [35])
Package atveryend Info: Empty hook `BeforeClearDocument' on input line 26.
 [36] [37 <./Graphics/m2q_hist_example-eps-converted-to.pdf>]
Package atveryend Info: Empty hook `AfterLastShipout' on input line 26.
 (./main.aux)
Package atveryend Info: Executing hook `AtVeryEndDocument' on input line 26.
Package atveryend Info: Executing hook `AtEndAfterFileList' on input line 26.
Package rerunfilecheck Info: File `main.out' has not changed.
(rerunfilecheck)             Checksum: 89C533C69805D552DAA4E450A6C9B526;2178.


LaTeX Warning: There were undefined references.


LaTeX Warning: There were multiply-defined labels.

Package atveryend Info: Empty hook `AtVeryVeryEnd' on input line 26.
 ) 
Here is how much of TeX's memory you used:
 14480 strings out of 493013
 208611 string characters out of 6135682
 406750 words of memory out of 5000000
 17485 multiletter control sequences out of 15000+600000
 15834 words of font info for 61 fonts, out of 8000000 for 9000
 1141 hyphenation exceptions out of 8191
 47i,15n,77p,1026b,2391s stack positions out of 5000i,500n,10000p,200000b,80000s
</usr/share/texlive/texmf-dist/fonts/type1/public/amsfonts/cm/cmbx12.pfb></us
r/share/texlive/texmf-dist/fonts/type1/public/amsfonts/cm/cmex10.pfb></usr/shar
e/texlive/texmf-dist/fonts/type1/public/amsfonts/cm/cmmi10.pfb></usr/share/texl
ive/texmf-dist/fonts/type1/public/amsfonts/cm/cmmi12.pfb></usr/share/texlive/te
xmf-dist/fonts/type1/public/amsfonts/cm/cmmi6.pfb></usr/share/texlive/texmf-dis
t/fonts/type1/public/amsfonts/cm/cmmi7.pfb></usr/share/texlive/texmf-dist/fonts
/type1/public/amsfonts/cm/cmmi8.pfb></usr/share/texlive/texmf-dist/fonts/type1/
public/amsfonts/cm/cmr10.pfb></usr/share/texlive/texmf-dist/fonts/type1/public/
amsfonts/cm/cmr12.pfb></usr/share/texlive/texmf-dist/fonts/type1/public/amsfont
s/cm/cmr17.pfb></usr/share/texlive/texmf-dist/fonts/type1/public/amsfonts/cm/cm
r6.pfb></usr/share/texlive/texmf-dist/fonts/type1/public/amsfonts/cm/cmr7.pfb><
/usr/share/texlive/texmf-dist/fonts/type1/public/amsfonts/cm/cmr8.pfb></usr/sha
re/texlive/texmf-dist/fonts/type1/public/amsfonts/cm/cmss12.pfb></usr/share/tex
live/texmf-dist/fonts/type1/public/amsfonts/cm/cmss17.pfb></usr/share/texlive/t
exmf-dist/fonts/type1/public/amsfonts/cm/cmsy10.pfb></usr/share/texlive/texmf-d
ist/fonts/type1/public/amsfonts/cm/cmsy7.pfb></usr/share/texlive/texmf-dist/fon
ts/type1/public/amsfonts/cm/cmsy8.pfb></usr/share/texlive/texmf-dist/fonts/type
1/public/amsfonts/cm/cmti12.pfb></usr/share/texlive/texmf-dist/fonts/type1/publ
ic/amsfonts/cm/cmtt10.pfb></usr/share/texlive/texmf-dist/fonts/type1/public/ams
fonts/cm/cmtt12.pfb>
Output written on main.pdf (37 pages, 1450963 bytes).
PDF statistics:
 1957 PDF objects out of 2073 (max. 8388607)
 1257 compressed objects within 13 object streams
 193 named destinations out of 1000 (max. 500000)
 407 words of extra memory for PDF output out of 10000 (max. 10000000)

